2024-03-11 19:44:00.109 [scheduling-1] DEBUG c.sky.mapper.OrderMapper.getByStatusAndOrderTimeLT - ==>  Preparing: select * from orders where status = ? and order_time < ?
2024-03-11 19:44:00.123 [scheduling-1] DEBUG c.sky.mapper.OrderMapper.getByStatusAndOrderTimeLT - ==> Parameters: 1(Integer), 2024-03-11T19:29(LocalDateTime)
2024-03-11 19:44:00.140 [scheduling-1] DEBUG c.sky.mapper.OrderMapper.getByStatusAndOrderTimeLT - <==      Total: 0
2024-03-11 19:45:00.002 [scheduling-1] DEBUG c.sky.mapper.OrderMapper.getByStatusAndOrderTimeLT - ==>  Preparing: select * from orders where status = ? and order_time < ?
2024-03-11 19:45:00.002 [scheduling-1] DEBUG c.sky.mapper.OrderMapper.getByStatusAndOrderTimeLT - ==> Parameters: 1(Integer), 2024-03-11T19:30:00.001(LocalDateTime)
2024-03-11 19:45:00.004 [scheduling-1] DEBUG c.sky.mapper.OrderMapper.getByStatusAndOrderTimeLT - <==      Total: 0
2024-03-11 19:46:00.001 [scheduling-1] DEBUG c.sky.mapper.OrderMapper.getByStatusAndOrderTimeLT - ==>  Preparing: select * from orders where status = ? and order_time < ?
2024-03-11 19:46:00.002 [scheduling-1] DEBUG c.sky.mapper.OrderMapper.getByStatusAndOrderTimeLT - ==> Parameters: 1(Integer), 2024-03-11T19:31:00.001(LocalDateTime)
2024-03-11 19:46:00.003 [scheduling-1] DEBUG c.sky.mapper.OrderMapper.getByStatusAndOrderTimeLT - <==      Total: 0
2024-03-11 19:46:20.168 [http-nio-8080-exec-2] DEBUG com.sky.mapper.OrderMapper.countByMap - ==>  Preparing: select count(id) from orders WHERE order_time > ? and order_time < ?
2024-03-11 19:46:20.169 [http-nio-8080-exec-2] DEBUG com.sky.mapper.OrderMapper.countByMap - ==> Parameters: 2024-03-11T00:00(LocalDateTime), 2024-03-11T23:59:59.999999999(LocalDateTime)
2024-03-11 19:46:20.174 [http-nio-8080-exec-7] DEBUG com.sky.mapper.OrderMapper.countByMap - ==>  Preparing: select count(id) from orders WHERE order_time > ? and status = ?
2024-03-11 19:46:20.174 [http-nio-8080-exec-7] DEBUG com.sky.mapper.OrderMapper.countByMap - ==> Parameters: 2024-03-11T00:00(LocalDateTime), 2(Integer)
2024-03-11 19:46:20.186 [http-nio-8080-exec-7] DEBUG com.sky.mapper.OrderMapper.countByMap - <==      Total: 1
2024-03-11 19:46:20.187 [http-nio-8080-exec-7] DEBUG com.sky.mapper.OrderMapper.countByMap - ==>  Preparing: select count(id) from orders WHERE order_time > ? and status = ?
2024-03-11 19:46:20.188 [http-nio-8080-exec-7] DEBUG com.sky.mapper.OrderMapper.countByMap - ==> Parameters: 2024-03-11T00:00(LocalDateTime), 3(Integer)
2024-03-11 19:46:20.189 [http-nio-8080-exec-7] DEBUG com.sky.mapper.OrderMapper.countByMap - <==      Total: 1
2024-03-11 19:46:20.190 [http-nio-8080-exec-2] DEBUG com.sky.mapper.OrderMapper.countByMap - <==      Total: 1
2024-03-11 19:46:20.191 [http-nio-8080-exec-2] DEBUG com.sky.mapper.OrderMapper.sumByMap - ==>  Preparing: select sum(amount) from orders WHERE order_time > ? and order_time < ? and status = ?
2024-03-11 19:46:20.191 [http-nio-8080-exec-2] DEBUG com.sky.mapper.OrderMapper.sumByMap - ==> Parameters: 2024-03-11T00:00(LocalDateTime), 2024-03-11T23:59:59.999999999(LocalDateTime), 5(Integer)
2024-03-11 19:46:20.191 [http-nio-8080-exec-7] DEBUG com.sky.mapper.OrderMapper.countByMap - ==>  Preparing: select count(id) from orders WHERE order_time > ? and status = ?
2024-03-11 19:46:20.191 [http-nio-8080-exec-7] DEBUG com.sky.mapper.OrderMapper.countByMap - ==> Parameters: 2024-03-11T00:00(LocalDateTime), 5(Integer)
2024-03-11 19:46:20.192 [http-nio-8080-exec-7] DEBUG com.sky.mapper.OrderMapper.countByMap - <==      Total: 1
2024-03-11 19:46:20.193 [http-nio-8080-exec-7] DEBUG com.sky.mapper.OrderMapper.countByMap - ==>  Preparing: select count(id) from orders WHERE order_time > ? and status = ?
2024-03-11 19:46:20.194 [http-nio-8080-exec-2] DEBUG com.sky.mapper.OrderMapper.sumByMap - <==      Total: 1
2024-03-11 19:46:20.194 [http-nio-8080-exec-2] DEBUG com.sky.mapper.OrderMapper.countByMap - ==>  Preparing: select count(id) from orders WHERE order_time > ? and order_time < ? and status = ?
2024-03-11 19:46:20.194 [http-nio-8080-exec-2] DEBUG com.sky.mapper.OrderMapper.countByMap - ==> Parameters: 2024-03-11T00:00(LocalDateTime), 2024-03-11T23:59:59.999999999(LocalDateTime), 5(Integer)
2024-03-11 19:46:20.195 [http-nio-8080-exec-3] DEBUG com.sky.mapper.DishMapper.countByMap - ==>  Preparing: select count(id) from dish WHERE status = ?
2024-03-11 19:46:20.195 [http-nio-8080-exec-3] DEBUG com.sky.mapper.DishMapper.countByMap - ==> Parameters: 1(Integer)
2024-03-11 19:46:20.196 [http-nio-8080-exec-7] DEBUG com.sky.mapper.OrderMapper.countByMap - ==> Parameters: 2024-03-11T00:00(LocalDateTime), 6(Integer)
2024-03-11 19:46:20.196 [http-nio-8080-exec-2] DEBUG com.sky.mapper.OrderMapper.countByMap - <==      Total: 1
2024-03-11 19:46:20.197 [http-nio-8080-exec-3] DEBUG com.sky.mapper.DishMapper.countByMap - <==      Total: 1
2024-03-11 19:46:20.197 [http-nio-8080-exec-3] DEBUG com.sky.mapper.DishMapper.countByMap - ==>  Preparing: select count(id) from dish WHERE status = ?
2024-03-11 19:46:20.197 [http-nio-8080-exec-3] DEBUG com.sky.mapper.DishMapper.countByMap - ==> Parameters: 0(Integer)
2024-03-11 19:46:20.198 [http-nio-8080-exec-2] DEBUG com.sky.mapper.UserMapper.getUserByMap - ==>  Preparing: select count(id) from user WHERE create_time > ? and create_time < ?
2024-03-11 19:46:20.199 [http-nio-8080-exec-2] DEBUG com.sky.mapper.UserMapper.getUserByMap - ==> Parameters: 2024-03-11T00:00(LocalDateTime), 2024-03-11T23:59:59.999999999(LocalDateTime)
2024-03-11 19:46:20.204 [http-nio-8080-exec-2] DEBUG com.sky.mapper.UserMapper.getUserByMap - <==      Total: 1
2024-03-11 19:46:20.208 [http-nio-8080-exec-3] DEBUG com.sky.mapper.DishMapper.countByMap - <==      Total: 1
2024-03-11 19:46:20.209 [http-nio-8080-exec-5] DEBUG com.sky.mapper.SetmealMapper.countByMap - ==>  Preparing: select count(id) from setmeal WHERE status = ?
2024-03-11 19:46:20.210 [http-nio-8080-exec-5] DEBUG com.sky.mapper.SetmealMapper.countByMap - ==> Parameters: 1(Integer)
2024-03-11 19:46:20.220 [http-nio-8080-exec-7] DEBUG com.sky.mapper.OrderMapper.countByMap - <==      Total: 1
2024-03-11 19:46:20.220 [http-nio-8080-exec-7] DEBUG com.sky.mapper.OrderMapper.countByMap - ==>  Preparing: select count(id) from orders WHERE order_time > ?
2024-03-11 19:46:20.221 [http-nio-8080-exec-7] DEBUG com.sky.mapper.OrderMapper.countByMap - ==> Parameters: 2024-03-11T00:00(LocalDateTime)
2024-03-11 19:46:20.223 [http-nio-8080-exec-7] DEBUG com.sky.mapper.OrderMapper.countByMap - <==      Total: 1
2024-03-11 19:46:20.232 [http-nio-8080-exec-5] DEBUG com.sky.mapper.SetmealMapper.countByMap - <==      Total: 1
2024-03-11 19:46:20.239 [http-nio-8080-exec-5] DEBUG com.sky.mapper.SetmealMapper.countByMap - ==>  Preparing: select count(id) from setmeal WHERE status = ?
2024-03-11 19:46:20.240 [http-nio-8080-exec-5] DEBUG com.sky.mapper.SetmealMapper.countByMap - ==> Parameters: 0(Integer)
2024-03-11 19:46:20.256 [http-nio-8080-exec-5] DEBUG com.sky.mapper.SetmealMapper.countByMap - <==      Total: 1
2024-03-11 19:46:20.261 [http-nio-8080-exec-4] DEBUG com.sky.mapper.OrderMapper.pageQuery_COUNT - ==>  Preparing: SELECT count(0) FROM orders WHERE status = ?
2024-03-11 19:46:20.261 [http-nio-8080-exec-4] DEBUG com.sky.mapper.OrderMapper.pageQuery_COUNT - ==> Parameters: 2(Integer)
2024-03-11 19:46:20.266 [http-nio-8080-exec-4] DEBUG com.sky.mapper.OrderMapper.pageQuery_COUNT - <==      Total: 1
2024-03-11 19:46:20.285 [http-nio-8080-exec-8] DEBUG com.sky.mapper.OrderMapper.countStatus - ==>  Preparing: select count(id) from orders where status = ?
2024-03-11 19:46:20.285 [http-nio-8080-exec-8] DEBUG com.sky.mapper.OrderMapper.countStatus - ==> Parameters: 2(Integer)
2024-03-11 19:46:20.289 [http-nio-8080-exec-8] DEBUG com.sky.mapper.OrderMapper.countStatus - <==      Total: 1
2024-03-11 19:46:20.290 [http-nio-8080-exec-8] DEBUG com.sky.mapper.OrderMapper.countStatus - ==>  Preparing: select count(id) from orders where status = ?
2024-03-11 19:46:20.290 [http-nio-8080-exec-8] DEBUG com.sky.mapper.OrderMapper.countStatus - ==> Parameters: 3(Integer)
2024-03-11 19:46:20.291 [http-nio-8080-exec-8] DEBUG com.sky.mapper.OrderMapper.countStatus - <==      Total: 1
2024-03-11 19:46:20.291 [http-nio-8080-exec-8] DEBUG com.sky.mapper.OrderMapper.countStatus - ==>  Preparing: select count(id) from orders where status = ?
2024-03-11 19:46:20.291 [http-nio-8080-exec-8] DEBUG com.sky.mapper.OrderMapper.countStatus - ==> Parameters: 4(Integer)
2024-03-11 19:46:20.292 [http-nio-8080-exec-8] DEBUG com.sky.mapper.OrderMapper.countStatus - <==      Total: 1
2024-03-11 19:46:23.511 [http-nio-8080-exec-10] DEBUG com.sky.mapper.EmployeeMapper.getByUsername - ==>  Preparing: select * from employee where username = ?
2024-03-11 19:46:23.511 [http-nio-8080-exec-10] DEBUG com.sky.mapper.EmployeeMapper.getByUsername - ==> Parameters: admin(String)
2024-03-11 19:46:23.514 [http-nio-8080-exec-10] DEBUG com.sky.mapper.EmployeeMapper.getByUsername - <==      Total: 1
2024-03-11 19:46:23.548 [http-nio-8080-exec-1] DEBUG com.sky.mapper.OrderMapper.pageQuery_COUNT - ==>  Preparing: SELECT count(0) FROM orders WHERE status = ?
2024-03-11 19:46:23.548 [http-nio-8080-exec-1] DEBUG com.sky.mapper.OrderMapper.pageQuery_COUNT - ==> Parameters: 2(Integer)
2024-03-11 19:46:23.549 [http-nio-8080-exec-1] DEBUG com.sky.mapper.OrderMapper.pageQuery_COUNT - <==      Total: 1
2024-03-11 19:46:23.549 [http-nio-8080-exec-5] DEBUG com.sky.mapper.DishMapper.countByMap - ==>  Preparing: select count(id) from dish WHERE status = ?
2024-03-11 19:46:23.549 [http-nio-8080-exec-5] DEBUG com.sky.mapper.DishMapper.countByMap - ==> Parameters: 1(Integer)
2024-03-11 19:46:23.549 [http-nio-8080-exec-7] DEBUG com.sky.mapper.OrderMapper.countByMap - ==>  Preparing: select count(id) from orders WHERE order_time > ? and order_time < ?
2024-03-11 19:46:23.550 [http-nio-8080-exec-7] DEBUG com.sky.mapper.OrderMapper.countByMap - ==> Parameters: 2024-03-11T00:00(LocalDateTime), 2024-03-11T23:59:59.999999999(LocalDateTime)
2024-03-11 19:46:23.550 [http-nio-8080-exec-5] DEBUG com.sky.mapper.DishMapper.countByMap - <==      Total: 1
2024-03-11 19:46:23.550 [http-nio-8080-exec-5] DEBUG com.sky.mapper.DishMapper.countByMap - ==>  Preparing: select count(id) from dish WHERE status = ?
2024-03-11 19:46:23.550 [http-nio-8080-exec-2] DEBUG com.sky.mapper.OrderMapper.countByMap - ==>  Preparing: select count(id) from orders WHERE order_time > ? and status = ?
2024-03-11 19:46:23.550 [http-nio-8080-exec-5] DEBUG com.sky.mapper.DishMapper.countByMap - ==> Parameters: 0(Integer)
2024-03-11 19:46:23.550 [http-nio-8080-exec-2] DEBUG com.sky.mapper.OrderMapper.countByMap - ==> Parameters: 2024-03-11T00:00(LocalDateTime), 2(Integer)
2024-03-11 19:46:23.550 [http-nio-8080-exec-7] DEBUG com.sky.mapper.OrderMapper.countByMap - <==      Total: 1
2024-03-11 19:46:23.550 [http-nio-8080-exec-7] DEBUG com.sky.mapper.OrderMapper.sumByMap - ==>  Preparing: select sum(amount) from orders WHERE order_time > ? and order_time < ? and status = ?
2024-03-11 19:46:23.551 [http-nio-8080-exec-7] DEBUG com.sky.mapper.OrderMapper.sumByMap - ==> Parameters: 2024-03-11T00:00(LocalDateTime), 2024-03-11T23:59:59.999999999(LocalDateTime), 5(Integer)
2024-03-11 19:46:23.551 [http-nio-8080-exec-5] DEBUG com.sky.mapper.DishMapper.countByMap - <==      Total: 1
2024-03-11 19:46:23.552 [http-nio-8080-exec-4] DEBUG com.sky.mapper.SetmealMapper.countByMap - ==>  Preparing: select count(id) from setmeal WHERE status = ?
2024-03-11 19:46:23.553 [http-nio-8080-exec-7] DEBUG com.sky.mapper.OrderMapper.sumByMap - <==      Total: 1
2024-03-11 19:46:23.553 [http-nio-8080-exec-2] DEBUG com.sky.mapper.OrderMapper.countByMap - <==      Total: 1
2024-03-11 19:46:23.555 [http-nio-8080-exec-4] DEBUG com.sky.mapper.SetmealMapper.countByMap - ==> Parameters: 1(Integer)
2024-03-11 19:46:23.558 [http-nio-8080-exec-7] DEBUG com.sky.mapper.OrderMapper.countByMap - ==>  Preparing: select count(id) from orders WHERE order_time > ? and order_time < ? and status = ?
2024-03-11 19:46:23.558 [http-nio-8080-exec-7] DEBUG com.sky.mapper.OrderMapper.countByMap - ==> Parameters: 2024-03-11T00:00(LocalDateTime), 2024-03-11T23:59:59.999999999(LocalDateTime), 5(Integer)
2024-03-11 19:46:23.557 [http-nio-8080-exec-2] DEBUG com.sky.mapper.OrderMapper.countByMap - ==>  Preparing: select count(id) from orders WHERE order_time > ? and status = ?
2024-03-11 19:46:23.558 [http-nio-8080-exec-2] DEBUG com.sky.mapper.OrderMapper.countByMap - ==> Parameters: 2024-03-11T00:00(LocalDateTime), 3(Integer)
2024-03-11 19:46:23.558 [http-nio-8080-exec-4] DEBUG com.sky.mapper.SetmealMapper.countByMap - <==      Total: 1
2024-03-11 19:46:23.559 [http-nio-8080-exec-4] DEBUG com.sky.mapper.SetmealMapper.countByMap - ==>  Preparing: select count(id) from setmeal WHERE status = ?
2024-03-11 19:46:23.559 [http-nio-8080-exec-4] DEBUG com.sky.mapper.SetmealMapper.countByMap - ==> Parameters: 0(Integer)
2024-03-11 19:46:23.559 [http-nio-8080-exec-7] DEBUG com.sky.mapper.OrderMapper.countByMap - <==      Total: 1
2024-03-11 19:46:23.559 [http-nio-8080-exec-2] DEBUG com.sky.mapper.OrderMapper.countByMap - <==      Total: 1
2024-03-11 19:46:23.560 [http-nio-8080-exec-7] DEBUG com.sky.mapper.UserMapper.getUserByMap - ==>  Preparing: select count(id) from user WHERE create_time > ? and create_time < ?
2024-03-11 19:46:23.560 [http-nio-8080-exec-7] DEBUG com.sky.mapper.UserMapper.getUserByMap - ==> Parameters: 2024-03-11T00:00(LocalDateTime), 2024-03-11T23:59:59.999999999(LocalDateTime)
2024-03-11 19:46:23.559 [http-nio-8080-exec-4] DEBUG com.sky.mapper.SetmealMapper.countByMap - <==      Total: 1
2024-03-11 19:46:23.560 [http-nio-8080-exec-2] DEBUG com.sky.mapper.OrderMapper.countByMap - ==>  Preparing: select count(id) from orders WHERE order_time > ? and status = ?
2024-03-11 19:46:23.560 [http-nio-8080-exec-2] DEBUG com.sky.mapper.OrderMapper.countByMap - ==> Parameters: 2024-03-11T00:00(LocalDateTime), 5(Integer)
2024-03-11 19:46:23.561 [http-nio-8080-exec-2] DEBUG com.sky.mapper.OrderMapper.countByMap - <==      Total: 1
2024-03-11 19:46:23.561 [http-nio-8080-exec-7] DEBUG com.sky.mapper.UserMapper.getUserByMap - <==      Total: 1
2024-03-11 19:46:23.561 [http-nio-8080-exec-2] DEBUG com.sky.mapper.OrderMapper.countByMap - ==>  Preparing: select count(id) from orders WHERE order_time > ? and status = ?
2024-03-11 19:46:23.562 [http-nio-8080-exec-2] DEBUG com.sky.mapper.OrderMapper.countByMap - ==> Parameters: 2024-03-11T00:00(LocalDateTime), 6(Integer)
2024-03-11 19:46:23.562 [http-nio-8080-exec-2] DEBUG com.sky.mapper.OrderMapper.countByMap - <==      Total: 1
2024-03-11 19:46:23.562 [http-nio-8080-exec-2] DEBUG com.sky.mapper.OrderMapper.countByMap - ==>  Preparing: select count(id) from orders WHERE order_time > ?
2024-03-11 19:46:23.563 [http-nio-8080-exec-2] DEBUG com.sky.mapper.OrderMapper.countByMap - ==> Parameters: 2024-03-11T00:00(LocalDateTime)
2024-03-11 19:46:23.563 [http-nio-8080-exec-2] DEBUG com.sky.mapper.OrderMapper.countByMap - <==      Total: 1
2024-03-11 19:46:23.580 [http-nio-8080-exec-8] DEBUG com.sky.mapper.OrderMapper.countStatus - ==>  Preparing: select count(id) from orders where status = ?
2024-03-11 19:46:23.580 [http-nio-8080-exec-8] DEBUG com.sky.mapper.OrderMapper.countStatus - ==> Parameters: 2(Integer)
2024-03-11 19:46:23.581 [http-nio-8080-exec-8] DEBUG com.sky.mapper.OrderMapper.countStatus - <==      Total: 1
2024-03-11 19:46:23.581 [http-nio-8080-exec-8] DEBUG com.sky.mapper.OrderMapper.countStatus - ==>  Preparing: select count(id) from orders where status = ?
2024-03-11 19:46:23.581 [http-nio-8080-exec-8] DEBUG com.sky.mapper.OrderMapper.countStatus - ==> Parameters: 3(Integer)
2024-03-11 19:46:23.582 [http-nio-8080-exec-8] DEBUG com.sky.mapper.OrderMapper.countStatus - <==      Total: 1
2024-03-11 19:46:23.582 [http-nio-8080-exec-8] DEBUG com.sky.mapper.OrderMapper.countStatus - ==>  Preparing: select count(id) from orders where status = ?
2024-03-11 19:46:23.582 [http-nio-8080-exec-8] DEBUG com.sky.mapper.OrderMapper.countStatus - ==> Parameters: 4(Integer)
2024-03-11 19:46:23.582 [http-nio-8080-exec-8] DEBUG com.sky.mapper.OrderMapper.countStatus - <==      Total: 1
2024-03-11 19:46:29.166 [http-nio-8080-exec-1] DEBUG com.sky.mapper.OrderMapper.getSalesTop10 - ==>  Preparing: select od.name, sum(od.number) number from order_detail od,orders o where od.order_id = o.id and o.status = 5 and o.order_time > ? and o.order_time < ? group by od.name order by number desc limit 0,10
2024-03-11 19:46:29.166 [http-nio-8080-exec-1] DEBUG com.sky.mapper.OrderMapper.getSalesTop10 - ==> Parameters: 2024-03-04T00:00(LocalDateTime), 2024-03-10T23:59:59.999999999(LocalDateTime)
2024-03-11 19:46:29.166 [http-nio-8080-exec-10] DEBUG com.sky.mapper.OrderMapper.countByMap - ==>  Preparing: select count(id) from orders WHERE order_time > ? and order_time < ?
2024-03-11 19:46:29.167 [http-nio-8080-exec-10] DEBUG com.sky.mapper.OrderMapper.countByMap - ==> Parameters: 2024-03-04T00:00(LocalDateTime), 2024-03-04T23:59:59.999999999(LocalDateTime)
2024-03-11 19:46:29.167 [http-nio-8080-exec-6] DEBUG com.sky.mapper.OrderMapper.getOrderByTimeInterval - ==>  Preparing: select * from orders o WHERE o.order_time > ? and o.order_time < ?
2024-03-11 19:46:29.167 [http-nio-8080-exec-6] DEBUG com.sky.mapper.OrderMapper.getOrderByTimeInterval - ==> Parameters: 2024-03-04T00:00(LocalDateTime), 2024-03-10T23:59:59.999999999(LocalDateTime)
2024-03-11 19:46:29.168 [http-nio-8080-exec-9] DEBUG com.sky.mapper.UserMapper.getUserByMap - ==>  Preparing: select count(id) from user WHERE create_time < ?
2024-03-11 19:46:29.168 [http-nio-8080-exec-10] DEBUG com.sky.mapper.OrderMapper.countByMap - <==      Total: 1
2024-03-11 19:46:29.168 [http-nio-8080-exec-9] DEBUG com.sky.mapper.UserMapper.getUserByMap - ==> Parameters: 2024-03-04T23:59:59.999999999(LocalDateTime)
2024-03-11 19:46:29.168 [http-nio-8080-exec-10] DEBUG com.sky.mapper.OrderMapper.countByMap - ==>  Preparing: select count(id) from orders WHERE order_time > ? and order_time < ? and status = ?
2024-03-11 19:46:29.168 [http-nio-8080-exec-10] DEBUG com.sky.mapper.OrderMapper.countByMap - ==> Parameters: 2024-03-04T00:00(LocalDateTime), 2024-03-04T23:59:59.999999999(LocalDateTime), 5(Integer)
2024-03-11 19:46:29.169 [http-nio-8080-exec-10] DEBUG com.sky.mapper.OrderMapper.countByMap - <==      Total: 1
2024-03-11 19:46:29.169 [http-nio-8080-exec-9] DEBUG com.sky.mapper.UserMapper.getUserByMap - <==      Total: 1
2024-03-11 19:46:29.170 [http-nio-8080-exec-9] DEBUG com.sky.mapper.UserMapper.getUserByMap - ==>  Preparing: select count(id) from user WHERE create_time > ? and create_time < ?
2024-03-11 19:46:29.170 [http-nio-8080-exec-9] DEBUG com.sky.mapper.UserMapper.getUserByMap - ==> Parameters: 2024-03-04T00:00(LocalDateTime), 2024-03-04T23:59:59.999999999(LocalDateTime)
2024-03-11 19:46:29.170 [http-nio-8080-exec-10] DEBUG com.sky.mapper.OrderMapper.countByMap - ==>  Preparing: select count(id) from orders WHERE order_time > ? and order_time < ?
2024-03-11 19:46:29.170 [http-nio-8080-exec-10] DEBUG com.sky.mapper.OrderMapper.countByMap - ==> Parameters: 2024-03-05T00:00(LocalDateTime), 2024-03-05T23:59:59.999999999(LocalDateTime)
2024-03-11 19:46:29.170 [http-nio-8080-exec-1] DEBUG com.sky.mapper.OrderMapper.getSalesTop10 - <==      Total: 2
2024-03-11 19:46:29.171 [http-nio-8080-exec-9] DEBUG com.sky.mapper.UserMapper.getUserByMap - <==      Total: 1
2024-03-11 19:46:29.171 [http-nio-8080-exec-9] DEBUG com.sky.mapper.UserMapper.getUserByMap - ==>  Preparing: select count(id) from user WHERE create_time < ?
2024-03-11 19:46:29.171 [http-nio-8080-exec-9] DEBUG com.sky.mapper.UserMapper.getUserByMap - ==> Parameters: 2024-03-05T23:59:59.999999999(LocalDateTime)
2024-03-11 19:46:29.171 [http-nio-8080-exec-10] DEBUG com.sky.mapper.OrderMapper.countByMap - <==      Total: 1
2024-03-11 19:46:29.171 [http-nio-8080-exec-10] DEBUG com.sky.mapper.OrderMapper.countByMap - ==>  Preparing: select count(id) from orders WHERE order_time > ? and order_time < ? and status = ?
2024-03-11 19:46:29.171 [http-nio-8080-exec-10] DEBUG com.sky.mapper.OrderMapper.countByMap - ==> Parameters: 2024-03-05T00:00(LocalDateTime), 2024-03-05T23:59:59.999999999(LocalDateTime), 5(Integer)
2024-03-11 19:46:29.172 [http-nio-8080-exec-9] DEBUG com.sky.mapper.UserMapper.getUserByMap - <==      Total: 1
2024-03-11 19:46:29.172 [http-nio-8080-exec-10] DEBUG com.sky.mapper.OrderMapper.countByMap - <==      Total: 1
2024-03-11 19:46:29.172 [http-nio-8080-exec-9] DEBUG com.sky.mapper.UserMapper.getUserByMap - ==>  Preparing: select count(id) from user WHERE create_time > ? and create_time < ?
2024-03-11 19:46:29.172 [http-nio-8080-exec-9] DEBUG com.sky.mapper.UserMapper.getUserByMap - ==> Parameters: 2024-03-05T00:00(LocalDateTime), 2024-03-05T23:59:59.999999999(LocalDateTime)
2024-03-11 19:46:29.172 [http-nio-8080-exec-10] DEBUG com.sky.mapper.OrderMapper.countByMap - ==>  Preparing: select count(id) from orders WHERE order_time > ? and order_time < ?
2024-03-11 19:46:29.172 [http-nio-8080-exec-10] DEBUG com.sky.mapper.OrderMapper.countByMap - ==> Parameters: 2024-03-06T00:00(LocalDateTime), 2024-03-06T23:59:59.999999999(LocalDateTime)
2024-03-11 19:46:29.173 [http-nio-8080-exec-9] DEBUG com.sky.mapper.UserMapper.getUserByMap - <==      Total: 1
2024-03-11 19:46:29.173 [http-nio-8080-exec-9] DEBUG com.sky.mapper.UserMapper.getUserByMap - ==>  Preparing: select count(id) from user WHERE create_time < ?
2024-03-11 19:46:29.173 [http-nio-8080-exec-9] DEBUG com.sky.mapper.UserMapper.getUserByMap - ==> Parameters: 2024-03-06T23:59:59.999999999(LocalDateTime)
2024-03-11 19:46:29.173 [http-nio-8080-exec-6] DEBUG com.sky.mapper.OrderMapper.getOrderByTimeInterval - <==      Total: 7
2024-03-11 19:46:29.174 [http-nio-8080-exec-10] DEBUG com.sky.mapper.OrderMapper.countByMap - <==      Total: 1
2024-03-11 19:46:29.174 [http-nio-8080-exec-10] DEBUG com.sky.mapper.OrderMapper.countByMap - ==>  Preparing: select count(id) from orders WHERE order_time > ? and order_time < ? and status = ?
2024-03-11 19:46:29.174 [http-nio-8080-exec-10] DEBUG com.sky.mapper.OrderMapper.countByMap - ==> Parameters: 2024-03-06T00:00(LocalDateTime), 2024-03-06T23:59:59.999999999(LocalDateTime), 5(Integer)
2024-03-11 19:46:29.175 [http-nio-8080-exec-9] DEBUG com.sky.mapper.UserMapper.getUserByMap - <==      Total: 1
2024-03-11 19:46:29.175 [http-nio-8080-exec-9] DEBUG com.sky.mapper.UserMapper.getUserByMap - ==>  Preparing: select count(id) from user WHERE create_time > ? and create_time < ?
2024-03-11 19:46:29.175 [http-nio-8080-exec-9] DEBUG com.sky.mapper.UserMapper.getUserByMap - ==> Parameters: 2024-03-06T00:00(LocalDateTime), 2024-03-06T23:59:59.999999999(LocalDateTime)
2024-03-11 19:46:29.175 [http-nio-8080-exec-10] DEBUG com.sky.mapper.OrderMapper.countByMap - <==      Total: 1
2024-03-11 19:46:29.175 [http-nio-8080-exec-10] DEBUG com.sky.mapper.OrderMapper.countByMap - ==>  Preparing: select count(id) from orders WHERE order_time > ? and order_time < ?
2024-03-11 19:46:29.175 [http-nio-8080-exec-10] DEBUG com.sky.mapper.OrderMapper.countByMap - ==> Parameters: 2024-03-07T00:00(LocalDateTime), 2024-03-07T23:59:59.999999999(LocalDateTime)
2024-03-11 19:46:29.176 [http-nio-8080-exec-9] DEBUG com.sky.mapper.UserMapper.getUserByMap - <==      Total: 1
2024-03-11 19:46:29.177 [http-nio-8080-exec-9] DEBUG com.sky.mapper.UserMapper.getUserByMap - ==>  Preparing: select count(id) from user WHERE create_time < ?
2024-03-11 19:46:29.177 [http-nio-8080-exec-9] DEBUG com.sky.mapper.UserMapper.getUserByMap - ==> Parameters: 2024-03-07T23:59:59.999999999(LocalDateTime)
2024-03-11 19:46:29.177 [http-nio-8080-exec-10] DEBUG com.sky.mapper.OrderMapper.countByMap - <==      Total: 1
2024-03-11 19:46:29.177 [http-nio-8080-exec-10] DEBUG com.sky.mapper.OrderMapper.countByMap - ==>  Preparing: select count(id) from orders WHERE order_time > ? and order_time < ? and status = ?
2024-03-11 19:46:29.177 [http-nio-8080-exec-10] DEBUG com.sky.mapper.OrderMapper.countByMap - ==> Parameters: 2024-03-07T00:00(LocalDateTime), 2024-03-07T23:59:59.999999999(LocalDateTime), 5(Integer)
2024-03-11 19:46:29.178 [http-nio-8080-exec-9] DEBUG com.sky.mapper.UserMapper.getUserByMap - <==      Total: 1
2024-03-11 19:46:29.178 [http-nio-8080-exec-10] DEBUG com.sky.mapper.OrderMapper.countByMap - <==      Total: 1
2024-03-11 19:46:29.178 [http-nio-8080-exec-9] DEBUG com.sky.mapper.UserMapper.getUserByMap - ==>  Preparing: select count(id) from user WHERE create_time > ? and create_time < ?
2024-03-11 19:46:29.178 [http-nio-8080-exec-10] DEBUG com.sky.mapper.OrderMapper.countByMap - ==>  Preparing: select count(id) from orders WHERE order_time > ? and order_time < ?
2024-03-11 19:46:29.178 [http-nio-8080-exec-9] DEBUG com.sky.mapper.UserMapper.getUserByMap - ==> Parameters: 2024-03-07T00:00(LocalDateTime), 2024-03-07T23:59:59.999999999(LocalDateTime)
2024-03-11 19:46:29.178 [http-nio-8080-exec-10] DEBUG com.sky.mapper.OrderMapper.countByMap - ==> Parameters: 2024-03-08T00:00(LocalDateTime), 2024-03-08T23:59:59.999999999(LocalDateTime)
2024-03-11 19:46:29.182 [http-nio-8080-exec-9] DEBUG com.sky.mapper.UserMapper.getUserByMap - <==      Total: 1
2024-03-11 19:46:29.182 [http-nio-8080-exec-9] DEBUG com.sky.mapper.UserMapper.getUserByMap - ==>  Preparing: select count(id) from user WHERE create_time < ?
2024-03-11 19:46:29.182 [http-nio-8080-exec-9] DEBUG com.sky.mapper.UserMapper.getUserByMap - ==> Parameters: 2024-03-08T23:59:59.999999999(LocalDateTime)
2024-03-11 19:46:29.182 [http-nio-8080-exec-10] DEBUG com.sky.mapper.OrderMapper.countByMap - <==      Total: 1
2024-03-11 19:46:29.183 [http-nio-8080-exec-10] DEBUG com.sky.mapper.OrderMapper.countByMap - ==>  Preparing: select count(id) from orders WHERE order_time > ? and order_time < ? and status = ?
2024-03-11 19:46:29.183 [http-nio-8080-exec-10] DEBUG com.sky.mapper.OrderMapper.countByMap - ==> Parameters: 2024-03-08T00:00(LocalDateTime), 2024-03-08T23:59:59.999999999(LocalDateTime), 5(Integer)
2024-03-11 19:46:29.183 [http-nio-8080-exec-10] DEBUG com.sky.mapper.OrderMapper.countByMap - <==      Total: 1
2024-03-11 19:46:29.183 [http-nio-8080-exec-10] DEBUG com.sky.mapper.OrderMapper.countByMap - ==>  Preparing: select count(id) from orders WHERE order_time > ? and order_time < ?
2024-03-11 19:46:29.184 [http-nio-8080-exec-10] DEBUG com.sky.mapper.OrderMapper.countByMap - ==> Parameters: 2024-03-09T00:00(LocalDateTime), 2024-03-09T23:59:59.999999999(LocalDateTime)
2024-03-11 19:46:29.184 [http-nio-8080-exec-10] DEBUG com.sky.mapper.OrderMapper.countByMap - <==      Total: 1
2024-03-11 19:46:29.184 [http-nio-8080-exec-10] DEBUG com.sky.mapper.OrderMapper.countByMap - ==>  Preparing: select count(id) from orders WHERE order_time > ? and order_time < ? and status = ?
2024-03-11 19:46:29.184 [http-nio-8080-exec-10] DEBUG com.sky.mapper.OrderMapper.countByMap - ==> Parameters: 2024-03-09T00:00(LocalDateTime), 2024-03-09T23:59:59.999999999(LocalDateTime), 5(Integer)
2024-03-11 19:46:29.185 [http-nio-8080-exec-10] DEBUG com.sky.mapper.OrderMapper.countByMap - <==      Total: 1
2024-03-11 19:46:29.185 [http-nio-8080-exec-10] DEBUG com.sky.mapper.OrderMapper.countByMap - ==>  Preparing: select count(id) from orders WHERE order_time > ? and order_time < ?
2024-03-11 19:46:29.185 [http-nio-8080-exec-10] DEBUG com.sky.mapper.OrderMapper.countByMap - ==> Parameters: 2024-03-10T00:00(LocalDateTime), 2024-03-10T23:59:59.999999999(LocalDateTime)
2024-03-11 19:46:29.186 [http-nio-8080-exec-10] DEBUG com.sky.mapper.OrderMapper.countByMap - <==      Total: 1
2024-03-11 19:46:29.186 [http-nio-8080-exec-10] DEBUG com.sky.mapper.OrderMapper.countByMap - ==>  Preparing: select count(id) from orders WHERE order_time > ? and order_time < ? and status = ?
2024-03-11 19:46:29.186 [http-nio-8080-exec-10] DEBUG com.sky.mapper.OrderMapper.countByMap - ==> Parameters: 2024-03-10T00:00(LocalDateTime), 2024-03-10T23:59:59.999999999(LocalDateTime), 5(Integer)
2024-03-11 19:46:29.186 [http-nio-8080-exec-10] DEBUG com.sky.mapper.OrderMapper.countByMap - <==      Total: 1
2024-03-11 19:46:29.190 [http-nio-8080-exec-9] DEBUG com.sky.mapper.UserMapper.getUserByMap - <==      Total: 1
2024-03-11 19:46:29.190 [http-nio-8080-exec-9] DEBUG com.sky.mapper.UserMapper.getUserByMap - ==>  Preparing: select count(id) from user WHERE create_time > ? and create_time < ?
2024-03-11 19:46:29.191 [http-nio-8080-exec-9] DEBUG com.sky.mapper.UserMapper.getUserByMap - ==> Parameters: 2024-03-08T00:00(LocalDateTime), 2024-03-08T23:59:59.999999999(LocalDateTime)
2024-03-11 19:46:29.195 [http-nio-8080-exec-9] DEBUG com.sky.mapper.UserMapper.getUserByMap - <==      Total: 1
2024-03-11 19:46:29.196 [http-nio-8080-exec-9] DEBUG com.sky.mapper.UserMapper.getUserByMap - ==>  Preparing: select count(id) from user WHERE create_time < ?
2024-03-11 19:46:29.196 [http-nio-8080-exec-9] DEBUG com.sky.mapper.UserMapper.getUserByMap - ==> Parameters: 2024-03-09T23:59:59.999999999(LocalDateTime)
2024-03-11 19:46:29.196 [http-nio-8080-exec-9] DEBUG com.sky.mapper.UserMapper.getUserByMap - <==      Total: 1
2024-03-11 19:46:29.197 [http-nio-8080-exec-9] DEBUG com.sky.mapper.UserMapper.getUserByMap - ==>  Preparing: select count(id) from user WHERE create_time > ? and create_time < ?
2024-03-11 19:46:29.197 [http-nio-8080-exec-9] DEBUG com.sky.mapper.UserMapper.getUserByMap - ==> Parameters: 2024-03-09T00:00(LocalDateTime), 2024-03-09T23:59:59.999999999(LocalDateTime)
2024-03-11 19:46:29.197 [http-nio-8080-exec-9] DEBUG com.sky.mapper.UserMapper.getUserByMap - <==      Total: 1
2024-03-11 19:46:29.197 [http-nio-8080-exec-9] DEBUG com.sky.mapper.UserMapper.getUserByMap - ==>  Preparing: select count(id) from user WHERE create_time < ?
2024-03-11 19:46:29.198 [http-nio-8080-exec-9] DEBUG com.sky.mapper.UserMapper.getUserByMap - ==> Parameters: 2024-03-10T23:59:59.999999999(LocalDateTime)
2024-03-11 19:46:29.198 [http-nio-8080-exec-9] DEBUG com.sky.mapper.UserMapper.getUserByMap - <==      Total: 1
2024-03-11 19:46:29.198 [http-nio-8080-exec-9] DEBUG com.sky.mapper.UserMapper.getUserByMap - ==>  Preparing: select count(id) from user WHERE create_time > ? and create_time < ?
2024-03-11 19:46:29.198 [http-nio-8080-exec-9] DEBUG com.sky.mapper.UserMapper.getUserByMap - ==> Parameters: 2024-03-10T00:00(LocalDateTime), 2024-03-10T23:59:59.999999999(LocalDateTime)
2024-03-11 19:46:29.199 [http-nio-8080-exec-9] DEBUG com.sky.mapper.UserMapper.getUserByMap - <==      Total: 1
2024-03-11 19:46:30.197 [http-nio-8080-exec-5] DEBUG com.sky.mapper.OrderMapper.pageQuery_COUNT - ==>  Preparing: SELECT count(0) FROM orders
2024-03-11 19:46:30.197 [http-nio-8080-exec-5] DEBUG com.sky.mapper.OrderMapper.pageQuery_COUNT - ==> Parameters: 
2024-03-11 19:46:30.198 [http-nio-8080-exec-5] DEBUG com.sky.mapper.OrderMapper.pageQuery_COUNT - <==      Total: 1
2024-03-11 19:46:30.199 [http-nio-8080-exec-5] DEBUG com.sky.mapper.OrderMapper.pageQuery - ==>  Preparing: select * from orders order by order_time desc LIMIT ?
2024-03-11 19:46:30.199 [http-nio-8080-exec-5] DEBUG com.sky.mapper.OrderMapper.pageQuery - ==> Parameters: 10(Integer)
2024-03-11 19:46:30.202 [http-nio-8080-exec-5] DEBUG com.sky.mapper.OrderMapper.pageQuery - <==      Total: 8
2024-03-11 19:46:30.205 [http-nio-8080-exec-5] DEBUG com.sky.mapper.OrderDetailMapper.getByOrderId - ==>  Preparing: select * from order_detail where order_id = ?
2024-03-11 19:46:30.205 [http-nio-8080-exec-5] DEBUG com.sky.mapper.OrderDetailMapper.getByOrderId - ==> Parameters: 16(Long)
2024-03-11 19:46:30.206 [http-nio-8080-exec-5] DEBUG com.sky.mapper.OrderDetailMapper.getByOrderId - <==      Total: 1
2024-03-11 19:46:30.207 [http-nio-8080-exec-5] DEBUG com.sky.mapper.OrderDetailMapper.getByOrderId - ==>  Preparing: select * from order_detail where order_id = ?
2024-03-11 19:46:30.207 [http-nio-8080-exec-5] DEBUG com.sky.mapper.OrderDetailMapper.getByOrderId - ==> Parameters: 15(Long)
2024-03-11 19:46:30.208 [http-nio-8080-exec-5] DEBUG com.sky.mapper.OrderDetailMapper.getByOrderId - <==      Total: 1
2024-03-11 19:46:30.208 [http-nio-8080-exec-5] DEBUG com.sky.mapper.OrderDetailMapper.getByOrderId - ==>  Preparing: select * from order_detail where order_id = ?
2024-03-11 19:46:30.209 [http-nio-8080-exec-5] DEBUG com.sky.mapper.OrderDetailMapper.getByOrderId - ==> Parameters: 14(Long)
2024-03-11 19:46:30.209 [http-nio-8080-exec-5] DEBUG com.sky.mapper.OrderDetailMapper.getByOrderId - <==      Total: 1
2024-03-11 19:46:30.209 [http-nio-8080-exec-5] DEBUG com.sky.mapper.OrderDetailMapper.getByOrderId - ==>  Preparing: select * from order_detail where order_id = ?
2024-03-11 19:46:30.209 [http-nio-8080-exec-5] DEBUG com.sky.mapper.OrderDetailMapper.getByOrderId - ==> Parameters: 13(Long)
2024-03-11 19:46:30.210 [http-nio-8080-exec-5] DEBUG com.sky.mapper.OrderDetailMapper.getByOrderId - <==      Total: 1
2024-03-11 19:46:30.210 [http-nio-8080-exec-5] DEBUG com.sky.mapper.OrderDetailMapper.getByOrderId - ==>  Preparing: select * from order_detail where order_id = ?
2024-03-11 19:46:30.210 [http-nio-8080-exec-5] DEBUG com.sky.mapper.OrderDetailMapper.getByOrderId - ==> Parameters: 12(Long)
2024-03-11 19:46:30.211 [http-nio-8080-exec-5] DEBUG com.sky.mapper.OrderDetailMapper.getByOrderId - <==      Total: 1
2024-03-11 19:46:30.211 [http-nio-8080-exec-5] DEBUG com.sky.mapper.OrderDetailMapper.getByOrderId - ==>  Preparing: select * from order_detail where order_id = ?
2024-03-11 19:46:30.211 [http-nio-8080-exec-5] DEBUG com.sky.mapper.OrderDetailMapper.getByOrderId - ==> Parameters: 11(Long)
2024-03-11 19:46:30.212 [http-nio-8080-exec-5] DEBUG com.sky.mapper.OrderDetailMapper.getByOrderId - <==      Total: 1
2024-03-11 19:46:30.212 [http-nio-8080-exec-5] DEBUG com.sky.mapper.OrderDetailMapper.getByOrderId - ==>  Preparing: select * from order_detail where order_id = ?
2024-03-11 19:46:30.212 [http-nio-8080-exec-5] DEBUG com.sky.mapper.OrderDetailMapper.getByOrderId - ==> Parameters: 10(Long)
2024-03-11 19:46:30.213 [http-nio-8080-exec-5] DEBUG com.sky.mapper.OrderDetailMapper.getByOrderId - <==      Total: 1
2024-03-11 19:46:30.213 [http-nio-8080-exec-5] DEBUG com.sky.mapper.OrderDetailMapper.getByOrderId - ==>  Preparing: select * from order_detail where order_id = ?
2024-03-11 19:46:30.213 [http-nio-8080-exec-5] DEBUG com.sky.mapper.OrderDetailMapper.getByOrderId - ==> Parameters: 9(Long)
2024-03-11 19:46:30.214 [http-nio-8080-exec-5] DEBUG com.sky.mapper.OrderDetailMapper.getByOrderId - <==      Total: 1
2024-03-11 19:46:30.240 [http-nio-8080-exec-4] DEBUG com.sky.mapper.OrderMapper.countStatus - ==>  Preparing: select count(id) from orders where status = ?
2024-03-11 19:46:30.240 [http-nio-8080-exec-4] DEBUG com.sky.mapper.OrderMapper.countStatus - ==> Parameters: 2(Integer)
2024-03-11 19:46:30.241 [http-nio-8080-exec-4] DEBUG com.sky.mapper.OrderMapper.countStatus - <==      Total: 1
2024-03-11 19:46:30.241 [http-nio-8080-exec-4] DEBUG com.sky.mapper.OrderMapper.countStatus - ==>  Preparing: select count(id) from orders where status = ?
2024-03-11 19:46:30.241 [http-nio-8080-exec-4] DEBUG com.sky.mapper.OrderMapper.countStatus - ==> Parameters: 3(Integer)
2024-03-11 19:46:30.242 [http-nio-8080-exec-4] DEBUG com.sky.mapper.OrderMapper.countStatus - <==      Total: 1
2024-03-11 19:46:30.242 [http-nio-8080-exec-4] DEBUG com.sky.mapper.OrderMapper.countStatus - ==>  Preparing: select count(id) from orders where status = ?
2024-03-11 19:46:30.242 [http-nio-8080-exec-4] DEBUG com.sky.mapper.OrderMapper.countStatus - ==> Parameters: 4(Integer)
2024-03-11 19:46:30.245 [http-nio-8080-exec-4] DEBUG com.sky.mapper.OrderMapper.countStatus - <==      Total: 1
2024-03-11 19:46:31.437 [http-nio-8080-exec-3] DEBUG com.sky.mapper.OrderMapper.pageQuery_COUNT - ==>  Preparing: SELECT count(0) FROM orders WHERE status = ?
2024-03-11 19:46:31.438 [http-nio-8080-exec-3] DEBUG com.sky.mapper.OrderMapper.pageQuery_COUNT - ==> Parameters: 3(Integer)
2024-03-11 19:46:31.438 [http-nio-8080-exec-3] DEBUG com.sky.mapper.OrderMapper.pageQuery_COUNT - <==      Total: 1
2024-03-11 19:46:31.439 [http-nio-8080-exec-3] DEBUG com.sky.mapper.OrderMapper.pageQuery - ==>  Preparing: select * from orders WHERE status = ? order by order_time desc LIMIT ?
2024-03-11 19:46:31.439 [http-nio-8080-exec-3] DEBUG com.sky.mapper.OrderMapper.pageQuery - ==> Parameters: 3(Integer), 10(Integer)
2024-03-11 19:46:31.443 [http-nio-8080-exec-3] DEBUG com.sky.mapper.OrderMapper.pageQuery - <==      Total: 1
2024-03-11 19:46:31.443 [http-nio-8080-exec-3] DEBUG com.sky.mapper.OrderDetailMapper.getByOrderId - ==>  Preparing: select * from order_detail where order_id = ?
2024-03-11 19:46:31.443 [http-nio-8080-exec-3] DEBUG com.sky.mapper.OrderDetailMapper.getByOrderId - ==> Parameters: 16(Long)
2024-03-11 19:46:31.444 [http-nio-8080-exec-3] DEBUG com.sky.mapper.OrderDetailMapper.getByOrderId - <==      Total: 1
2024-03-11 19:46:31.460 [http-nio-8080-exec-7] DEBUG com.sky.mapper.OrderMapper.countStatus - ==>  Preparing: select count(id) from orders where status = ?
2024-03-11 19:46:31.460 [http-nio-8080-exec-7] DEBUG com.sky.mapper.OrderMapper.countStatus - ==> Parameters: 2(Integer)
2024-03-11 19:46:31.460 [http-nio-8080-exec-7] DEBUG com.sky.mapper.OrderMapper.countStatus - <==      Total: 1
2024-03-11 19:46:31.461 [http-nio-8080-exec-7] DEBUG com.sky.mapper.OrderMapper.countStatus - ==>  Preparing: select count(id) from orders where status = ?
2024-03-11 19:46:31.461 [http-nio-8080-exec-7] DEBUG com.sky.mapper.OrderMapper.countStatus - ==> Parameters: 3(Integer)
2024-03-11 19:46:31.461 [http-nio-8080-exec-7] DEBUG com.sky.mapper.OrderMapper.countStatus - <==      Total: 1
2024-03-11 19:46:31.461 [http-nio-8080-exec-7] DEBUG com.sky.mapper.OrderMapper.countStatus - ==>  Preparing: select count(id) from orders where status = ?
2024-03-11 19:46:31.461 [http-nio-8080-exec-7] DEBUG com.sky.mapper.OrderMapper.countStatus - ==> Parameters: 4(Integer)
2024-03-11 19:46:31.462 [http-nio-8080-exec-7] DEBUG com.sky.mapper.OrderMapper.countStatus - <==      Total: 1
2024-03-11 19:46:32.606 [http-nio-8080-exec-2] DEBUG com.sky.mapper.OrderMapper.getById - ==>  Preparing: select * from orders where id=?
2024-03-11 19:46:32.606 [http-nio-8080-exec-2] DEBUG com.sky.mapper.OrderMapper.getById - ==> Parameters: 16(Long)
2024-03-11 19:46:32.607 [http-nio-8080-exec-2] DEBUG com.sky.mapper.OrderMapper.getById - <==      Total: 1
2024-03-11 19:46:32.608 [http-nio-8080-exec-2] DEBUG com.sky.mapper.OrderMapper.update - ==>  Preparing: update orders SET status = ? where id = ?
2024-03-11 19:46:32.608 [http-nio-8080-exec-2] DEBUG com.sky.mapper.OrderMapper.update - ==> Parameters: 4(Integer), 16(Long)
2024-03-11 19:46:32.610 [http-nio-8080-exec-2] DEBUG com.sky.mapper.OrderMapper.update - <==    Updates: 1
2024-03-11 19:46:32.619 [http-nio-8080-exec-8] DEBUG com.sky.mapper.OrderMapper.pageQuery_COUNT - ==>  Preparing: SELECT count(0) FROM orders WHERE status = ?
2024-03-11 19:46:32.620 [http-nio-8080-exec-8] DEBUG com.sky.mapper.OrderMapper.pageQuery_COUNT - ==> Parameters: 3(Integer)
2024-03-11 19:46:32.621 [http-nio-8080-exec-8] DEBUG com.sky.mapper.OrderMapper.pageQuery_COUNT - <==      Total: 1
2024-03-11 19:46:32.631 [http-nio-8080-exec-1] DEBUG com.sky.mapper.OrderMapper.countStatus - ==>  Preparing: select count(id) from orders where status = ?
2024-03-11 19:46:32.631 [http-nio-8080-exec-1] DEBUG com.sky.mapper.OrderMapper.countStatus - ==> Parameters: 2(Integer)
2024-03-11 19:46:32.632 [http-nio-8080-exec-1] DEBUG com.sky.mapper.OrderMapper.countStatus - <==      Total: 1
2024-03-11 19:46:32.632 [http-nio-8080-exec-1] DEBUG com.sky.mapper.OrderMapper.countStatus - ==>  Preparing: select count(id) from orders where status = ?
2024-03-11 19:46:32.632 [http-nio-8080-exec-1] DEBUG com.sky.mapper.OrderMapper.countStatus - ==> Parameters: 3(Integer)
2024-03-11 19:46:32.632 [http-nio-8080-exec-1] DEBUG com.sky.mapper.OrderMapper.countStatus - <==      Total: 1
2024-03-11 19:46:32.632 [http-nio-8080-exec-1] DEBUG com.sky.mapper.OrderMapper.countStatus - ==>  Preparing: select count(id) from orders where status = ?
2024-03-11 19:46:32.632 [http-nio-8080-exec-1] DEBUG com.sky.mapper.OrderMapper.countStatus - ==> Parameters: 4(Integer)
2024-03-11 19:46:32.633 [http-nio-8080-exec-1] DEBUG com.sky.mapper.OrderMapper.countStatus - <==      Total: 1
2024-03-11 19:46:33.446 [http-nio-8080-exec-6] DEBUG com.sky.mapper.OrderMapper.pageQuery_COUNT - ==>  Preparing: SELECT count(0) FROM orders WHERE status = ?
2024-03-11 19:46:33.446 [http-nio-8080-exec-6] DEBUG com.sky.mapper.OrderMapper.pageQuery_COUNT - ==> Parameters: 4(Integer)
2024-03-11 19:46:33.447 [http-nio-8080-exec-6] DEBUG com.sky.mapper.OrderMapper.pageQuery_COUNT - <==      Total: 1
2024-03-11 19:46:33.447 [http-nio-8080-exec-6] DEBUG com.sky.mapper.OrderMapper.pageQuery - ==>  Preparing: select * from orders WHERE status = ? order by order_time desc LIMIT ?
2024-03-11 19:46:33.447 [http-nio-8080-exec-6] DEBUG com.sky.mapper.OrderMapper.pageQuery - ==> Parameters: 4(Integer), 10(Integer)
2024-03-11 19:46:33.448 [http-nio-8080-exec-6] DEBUG com.sky.mapper.OrderMapper.pageQuery - <==      Total: 1
2024-03-11 19:46:33.448 [http-nio-8080-exec-6] DEBUG com.sky.mapper.OrderDetailMapper.getByOrderId - ==>  Preparing: select * from order_detail where order_id = ?
2024-03-11 19:46:33.448 [http-nio-8080-exec-6] DEBUG com.sky.mapper.OrderDetailMapper.getByOrderId - ==> Parameters: 16(Long)
2024-03-11 19:46:33.449 [http-nio-8080-exec-6] DEBUG com.sky.mapper.OrderDetailMapper.getByOrderId - <==      Total: 1
2024-03-11 19:46:33.461 [http-nio-8080-exec-10] DEBUG com.sky.mapper.OrderMapper.countStatus - ==>  Preparing: select count(id) from orders where status = ?
2024-03-11 19:46:33.461 [http-nio-8080-exec-10] DEBUG com.sky.mapper.OrderMapper.countStatus - ==> Parameters: 2(Integer)
2024-03-11 19:46:33.462 [http-nio-8080-exec-10] DEBUG com.sky.mapper.OrderMapper.countStatus - <==      Total: 1
2024-03-11 19:46:33.462 [http-nio-8080-exec-10] DEBUG com.sky.mapper.OrderMapper.countStatus - ==>  Preparing: select count(id) from orders where status = ?
2024-03-11 19:46:33.462 [http-nio-8080-exec-10] DEBUG com.sky.mapper.OrderMapper.countStatus - ==> Parameters: 3(Integer)
2024-03-11 19:46:33.463 [http-nio-8080-exec-10] DEBUG com.sky.mapper.OrderMapper.countStatus - <==      Total: 1
2024-03-11 19:46:33.463 [http-nio-8080-exec-10] DEBUG com.sky.mapper.OrderMapper.countStatus - ==>  Preparing: select count(id) from orders where status = ?
2024-03-11 19:46:33.463 [http-nio-8080-exec-10] DEBUG com.sky.mapper.OrderMapper.countStatus - ==> Parameters: 4(Integer)
2024-03-11 19:46:33.463 [http-nio-8080-exec-10] DEBUG com.sky.mapper.OrderMapper.countStatus - <==      Total: 1
2024-03-11 19:46:34.582 [http-nio-8080-exec-9] DEBUG com.sky.mapper.OrderMapper.getById - ==>  Preparing: select * from orders where id=?
2024-03-11 19:46:34.582 [http-nio-8080-exec-9] DEBUG com.sky.mapper.OrderMapper.getById - ==> Parameters: 16(Long)
2024-03-11 19:46:34.583 [http-nio-8080-exec-9] DEBUG com.sky.mapper.OrderMapper.getById - <==      Total: 1
2024-03-11 19:46:34.583 [http-nio-8080-exec-9] DEBUG com.sky.mapper.OrderMapper.update - ==>  Preparing: update orders SET status = ?, delivery_time = ? where id = ?
2024-03-11 19:46:34.583 [http-nio-8080-exec-9] DEBUG com.sky.mapper.OrderMapper.update - ==> Parameters: 5(Integer), 2024-03-11T19:46:34.583(LocalDateTime), 16(Long)
2024-03-11 19:46:34.584 [http-nio-8080-exec-9] DEBUG com.sky.mapper.OrderMapper.update - <==    Updates: 1
2024-03-11 19:46:34.592 [http-nio-8080-exec-5] DEBUG com.sky.mapper.OrderMapper.pageQuery_COUNT - ==>  Preparing: SELECT count(0) FROM orders WHERE status = ?
2024-03-11 19:46:34.592 [http-nio-8080-exec-5] DEBUG com.sky.mapper.OrderMapper.pageQuery_COUNT - ==> Parameters: 4(Integer)
2024-03-11 19:46:34.594 [http-nio-8080-exec-5] DEBUG com.sky.mapper.OrderMapper.pageQuery_COUNT - <==      Total: 1
2024-03-11 19:46:34.603 [http-nio-8080-exec-4] DEBUG com.sky.mapper.OrderMapper.countStatus - ==>  Preparing: select count(id) from orders where status = ?
2024-03-11 19:46:34.603 [http-nio-8080-exec-4] DEBUG com.sky.mapper.OrderMapper.countStatus - ==> Parameters: 2(Integer)
2024-03-11 19:46:34.604 [http-nio-8080-exec-4] DEBUG com.sky.mapper.OrderMapper.countStatus - <==      Total: 1
2024-03-11 19:46:34.604 [http-nio-8080-exec-4] DEBUG com.sky.mapper.OrderMapper.countStatus - ==>  Preparing: select count(id) from orders where status = ?
2024-03-11 19:46:34.604 [http-nio-8080-exec-4] DEBUG com.sky.mapper.OrderMapper.countStatus - ==> Parameters: 3(Integer)
2024-03-11 19:46:34.604 [http-nio-8080-exec-4] DEBUG com.sky.mapper.OrderMapper.countStatus - <==      Total: 1
2024-03-11 19:46:34.604 [http-nio-8080-exec-4] DEBUG com.sky.mapper.OrderMapper.countStatus - ==>  Preparing: select count(id) from orders where status = ?
2024-03-11 19:46:34.604 [http-nio-8080-exec-4] DEBUG com.sky.mapper.OrderMapper.countStatus - ==> Parameters: 4(Integer)
2024-03-11 19:46:34.605 [http-nio-8080-exec-4] DEBUG com.sky.mapper.OrderMapper.countStatus - <==      Total: 1
2024-03-11 19:46:37.495 [http-nio-8080-exec-2] DEBUG com.sky.mapper.OrderMapper.countByMap - ==>  Preparing: select count(id) from orders WHERE order_time > ? and status = ?
2024-03-11 19:46:37.495 [http-nio-8080-exec-7] DEBUG com.sky.mapper.OrderMapper.countByMap - ==>  Preparing: select count(id) from orders WHERE order_time > ? and order_time < ?
2024-03-11 19:46:37.495 [http-nio-8080-exec-2] DEBUG com.sky.mapper.OrderMapper.countByMap - ==> Parameters: 2024-03-11T00:00(LocalDateTime), 2(Integer)
2024-03-11 19:46:37.495 [http-nio-8080-exec-7] DEBUG com.sky.mapper.OrderMapper.countByMap - ==> Parameters: 2024-03-11T00:00(LocalDateTime), 2024-03-11T23:59:59.999999999(LocalDateTime)
2024-03-11 19:46:37.495 [http-nio-8080-exec-3] DEBUG com.sky.mapper.OrderMapper.pageQuery_COUNT - ==>  Preparing: SELECT count(0) FROM orders WHERE status = ?
2024-03-11 19:46:37.495 [http-nio-8080-exec-3] DEBUG com.sky.mapper.OrderMapper.pageQuery_COUNT - ==> Parameters: 2(Integer)
2024-03-11 19:46:37.496 [http-nio-8080-exec-7] DEBUG com.sky.mapper.OrderMapper.countByMap - <==      Total: 1
2024-03-11 19:46:37.496 [http-nio-8080-exec-8] DEBUG com.sky.mapper.DishMapper.countByMap - ==>  Preparing: select count(id) from dish WHERE status = ?
2024-03-11 19:46:37.496 [http-nio-8080-exec-8] DEBUG com.sky.mapper.DishMapper.countByMap - ==> Parameters: 1(Integer)
2024-03-11 19:46:37.496 [http-nio-8080-exec-7] DEBUG com.sky.mapper.OrderMapper.sumByMap - ==>  Preparing: select sum(amount) from orders WHERE order_time > ? and order_time < ? and status = ?
2024-03-11 19:46:37.496 [http-nio-8080-exec-3] DEBUG com.sky.mapper.OrderMapper.pageQuery_COUNT - <==      Total: 1
2024-03-11 19:46:37.496 [http-nio-8080-exec-7] DEBUG com.sky.mapper.OrderMapper.sumByMap - ==> Parameters: 2024-03-11T00:00(LocalDateTime), 2024-03-11T23:59:59.999999999(LocalDateTime), 5(Integer)
2024-03-11 19:46:37.496 [http-nio-8080-exec-2] DEBUG com.sky.mapper.OrderMapper.countByMap - <==      Total: 1
2024-03-11 19:46:37.497 [http-nio-8080-exec-2] DEBUG com.sky.mapper.OrderMapper.countByMap - ==>  Preparing: select count(id) from orders WHERE order_time > ? and status = ?
2024-03-11 19:46:37.497 [http-nio-8080-exec-2] DEBUG com.sky.mapper.OrderMapper.countByMap - ==> Parameters: 2024-03-11T00:00(LocalDateTime), 3(Integer)
2024-03-11 19:46:37.497 [http-nio-8080-exec-2] DEBUG com.sky.mapper.OrderMapper.countByMap - <==      Total: 1
2024-03-11 19:46:37.497 [http-nio-8080-exec-7] DEBUG com.sky.mapper.OrderMapper.sumByMap - <==      Total: 1
2024-03-11 19:46:37.497 [http-nio-8080-exec-2] DEBUG com.sky.mapper.OrderMapper.countByMap - ==>  Preparing: select count(id) from orders WHERE order_time > ? and status = ?
2024-03-11 19:46:37.498 [http-nio-8080-exec-2] DEBUG com.sky.mapper.OrderMapper.countByMap - ==> Parameters: 2024-03-11T00:00(LocalDateTime), 5(Integer)
2024-03-11 19:46:37.498 [http-nio-8080-exec-7] DEBUG com.sky.mapper.OrderMapper.countByMap - ==>  Preparing: select count(id) from orders WHERE order_time > ? and order_time < ? and status = ?
2024-03-11 19:46:37.498 [http-nio-8080-exec-7] DEBUG com.sky.mapper.OrderMapper.countByMap - ==> Parameters: 2024-03-11T00:00(LocalDateTime), 2024-03-11T23:59:59.999999999(LocalDateTime), 5(Integer)
2024-03-11 19:46:37.498 [http-nio-8080-exec-1] DEBUG com.sky.mapper.SetmealMapper.countByMap - ==>  Preparing: select count(id) from setmeal WHERE status = ?
2024-03-11 19:46:37.498 [http-nio-8080-exec-1] DEBUG com.sky.mapper.SetmealMapper.countByMap - ==> Parameters: 1(Integer)
2024-03-11 19:46:37.498 [http-nio-8080-exec-2] DEBUG com.sky.mapper.OrderMapper.countByMap - <==      Total: 1
2024-03-11 19:46:37.498 [http-nio-8080-exec-2] DEBUG com.sky.mapper.OrderMapper.countByMap - ==>  Preparing: select count(id) from orders WHERE order_time > ? and status = ?
2024-03-11 19:46:37.498 [http-nio-8080-exec-2] DEBUG com.sky.mapper.OrderMapper.countByMap - ==> Parameters: 2024-03-11T00:00(LocalDateTime), 6(Integer)
2024-03-11 19:46:37.499 [http-nio-8080-exec-2] DEBUG com.sky.mapper.OrderMapper.countByMap - <==      Total: 1
2024-03-11 19:46:37.499 [http-nio-8080-exec-2] DEBUG com.sky.mapper.OrderMapper.countByMap - ==>  Preparing: select count(id) from orders WHERE order_time > ?
2024-03-11 19:46:37.499 [http-nio-8080-exec-2] DEBUG com.sky.mapper.OrderMapper.countByMap - ==> Parameters: 2024-03-11T00:00(LocalDateTime)
2024-03-11 19:46:37.499 [http-nio-8080-exec-7] DEBUG com.sky.mapper.OrderMapper.countByMap - <==      Total: 1
2024-03-11 19:46:37.499 [http-nio-8080-exec-7] DEBUG com.sky.mapper.UserMapper.getUserByMap - ==>  Preparing: select count(id) from user WHERE create_time > ? and create_time < ?
2024-03-11 19:46:37.499 [http-nio-8080-exec-7] DEBUG com.sky.mapper.UserMapper.getUserByMap - ==> Parameters: 2024-03-11T00:00(LocalDateTime), 2024-03-11T23:59:59.999999999(LocalDateTime)
2024-03-11 19:46:37.500 [http-nio-8080-exec-2] DEBUG com.sky.mapper.OrderMapper.countByMap - <==      Total: 1
2024-03-11 19:46:37.500 [http-nio-8080-exec-7] DEBUG com.sky.mapper.UserMapper.getUserByMap - <==      Total: 1
2024-03-11 19:46:37.502 [http-nio-8080-exec-8] DEBUG com.sky.mapper.DishMapper.countByMap - <==      Total: 1
2024-03-11 19:46:37.502 [http-nio-8080-exec-8] DEBUG com.sky.mapper.DishMapper.countByMap - ==>  Preparing: select count(id) from dish WHERE status = ?
2024-03-11 19:46:37.502 [http-nio-8080-exec-8] DEBUG com.sky.mapper.DishMapper.countByMap - ==> Parameters: 0(Integer)
2024-03-11 19:46:37.503 [http-nio-8080-exec-1] DEBUG com.sky.mapper.SetmealMapper.countByMap - <==      Total: 1
2024-03-11 19:46:37.504 [http-nio-8080-exec-8] DEBUG com.sky.mapper.DishMapper.countByMap - <==      Total: 1
2024-03-11 19:46:37.504 [http-nio-8080-exec-1] DEBUG com.sky.mapper.SetmealMapper.countByMap - ==>  Preparing: select count(id) from setmeal WHERE status = ?
2024-03-11 19:46:37.504 [http-nio-8080-exec-1] DEBUG com.sky.mapper.SetmealMapper.countByMap - ==> Parameters: 0(Integer)
2024-03-11 19:46:37.506 [http-nio-8080-exec-1] DEBUG com.sky.mapper.SetmealMapper.countByMap - <==      Total: 1
2024-03-11 19:46:37.510 [http-nio-8080-exec-6] DEBUG com.sky.mapper.OrderMapper.countStatus - ==>  Preparing: select count(id) from orders where status = ?
2024-03-11 19:46:37.510 [http-nio-8080-exec-6] DEBUG com.sky.mapper.OrderMapper.countStatus - ==> Parameters: 2(Integer)
2024-03-11 19:46:37.510 [http-nio-8080-exec-6] DEBUG com.sky.mapper.OrderMapper.countStatus - <==      Total: 1
2024-03-11 19:46:37.511 [http-nio-8080-exec-6] DEBUG com.sky.mapper.OrderMapper.countStatus - ==>  Preparing: select count(id) from orders where status = ?
2024-03-11 19:46:37.511 [http-nio-8080-exec-6] DEBUG com.sky.mapper.OrderMapper.countStatus - ==> Parameters: 3(Integer)
2024-03-11 19:46:37.511 [http-nio-8080-exec-6] DEBUG com.sky.mapper.OrderMapper.countStatus - <==      Total: 1
2024-03-11 19:46:37.511 [http-nio-8080-exec-6] DEBUG com.sky.mapper.OrderMapper.countStatus - ==>  Preparing: select count(id) from orders where status = ?
2024-03-11 19:46:37.511 [http-nio-8080-exec-6] DEBUG com.sky.mapper.OrderMapper.countStatus - ==> Parameters: 4(Integer)
2024-03-11 19:46:37.511 [http-nio-8080-exec-6] DEBUG com.sky.mapper.OrderMapper.countStatus - <==      Total: 1
2024-03-11 19:47:00.000 [scheduling-1] DEBUG c.sky.mapper.OrderMapper.getByStatusAndOrderTimeLT - ==>  Preparing: select * from orders where status = ? and order_time < ?
2024-03-11 19:47:00.001 [scheduling-1] DEBUG c.sky.mapper.OrderMapper.getByStatusAndOrderTimeLT - ==> Parameters: 1(Integer), 2024-03-11T19:32(LocalDateTime)
2024-03-11 19:47:00.001 [scheduling-1] DEBUG c.sky.mapper.OrderMapper.getByStatusAndOrderTimeLT - <==      Total: 0
2024-03-11 19:47:27.812 [http-nio-8080-exec-10] DEBUG com.sky.mapper.OrderMapper.countStatus - ==>  Preparing: select count(id) from orders where status = ?
2024-03-11 19:47:27.812 [http-nio-8080-exec-10] DEBUG com.sky.mapper.OrderMapper.countStatus - ==> Parameters: 2(Integer)
2024-03-11 19:47:27.813 [http-nio-8080-exec-10] DEBUG com.sky.mapper.OrderMapper.countStatus - <==      Total: 1
2024-03-11 19:47:27.813 [http-nio-8080-exec-10] DEBUG com.sky.mapper.OrderMapper.countStatus - ==>  Preparing: select count(id) from orders where status = ?
2024-03-11 19:47:27.813 [http-nio-8080-exec-10] DEBUG com.sky.mapper.OrderMapper.countStatus - ==> Parameters: 3(Integer)
2024-03-11 19:47:27.814 [http-nio-8080-exec-10] DEBUG com.sky.mapper.OrderMapper.countStatus - <==      Total: 1
2024-03-11 19:47:27.814 [http-nio-8080-exec-10] DEBUG com.sky.mapper.OrderMapper.countStatus - ==>  Preparing: select count(id) from orders where status = ?
2024-03-11 19:47:27.814 [http-nio-8080-exec-10] DEBUG com.sky.mapper.OrderMapper.countStatus - ==> Parameters: 4(Integer)
2024-03-11 19:47:27.815 [http-nio-8080-exec-10] DEBUG com.sky.mapper.OrderMapper.countStatus - <==      Total: 1
2024-03-11 19:48:00.000 [scheduling-1] DEBUG c.sky.mapper.OrderMapper.getByStatusAndOrderTimeLT - ==>  Preparing: select * from orders where status = ? and order_time < ?
2024-03-11 19:48:00.001 [scheduling-1] DEBUG c.sky.mapper.OrderMapper.getByStatusAndOrderTimeLT - ==> Parameters: 1(Integer), 2024-03-11T19:33(LocalDateTime)
2024-03-11 19:48:00.002 [scheduling-1] DEBUG c.sky.mapper.OrderMapper.getByStatusAndOrderTimeLT - <==      Total: 0
2024-03-11 19:49:00.001 [scheduling-1] DEBUG c.sky.mapper.OrderMapper.getByStatusAndOrderTimeLT - ==>  Preparing: select * from orders where status = ? and order_time < ?
2024-03-11 19:49:00.001 [scheduling-1] DEBUG c.sky.mapper.OrderMapper.getByStatusAndOrderTimeLT - ==> Parameters: 1(Integer), 2024-03-11T19:34(LocalDateTime)
2024-03-11 19:49:00.002 [scheduling-1] DEBUG c.sky.mapper.OrderMapper.getByStatusAndOrderTimeLT - <==      Total: 0
2024-03-11 19:50:00.001 [scheduling-1] DEBUG c.sky.mapper.OrderMapper.getByStatusAndOrderTimeLT - ==>  Preparing: select * from orders where status = ? and order_time < ?
2024-03-11 19:50:00.001 [scheduling-1] DEBUG c.sky.mapper.OrderMapper.getByStatusAndOrderTimeLT - ==> Parameters: 1(Integer), 2024-03-11T19:35(LocalDateTime)
2024-03-11 19:50:00.002 [scheduling-1] DEBUG c.sky.mapper.OrderMapper.getByStatusAndOrderTimeLT - <==      Total: 0
2024-03-11 19:51:00.001 [scheduling-1] DEBUG c.sky.mapper.OrderMapper.getByStatusAndOrderTimeLT - ==>  Preparing: select * from orders where status = ? and order_time < ?
2024-03-11 19:51:00.002 [scheduling-1] DEBUG c.sky.mapper.OrderMapper.getByStatusAndOrderTimeLT - ==> Parameters: 1(Integer), 2024-03-11T19:36:00.001(LocalDateTime)
2024-03-11 19:51:00.003 [scheduling-1] DEBUG c.sky.mapper.OrderMapper.getByStatusAndOrderTimeLT - <==      Total: 0
2024-03-11 19:52:00.001 [scheduling-1] DEBUG c.sky.mapper.OrderMapper.getByStatusAndOrderTimeLT - ==>  Preparing: select * from orders where status = ? and order_time < ?
2024-03-11 19:52:00.002 [scheduling-1] DEBUG c.sky.mapper.OrderMapper.getByStatusAndOrderTimeLT - ==> Parameters: 1(Integer), 2024-03-11T19:37(LocalDateTime)
2024-03-11 19:52:00.003 [scheduling-1] DEBUG c.sky.mapper.OrderMapper.getByStatusAndOrderTimeLT - <==      Total: 0
2024-03-11 19:53:00.001 [scheduling-1] DEBUG c.sky.mapper.OrderMapper.getByStatusAndOrderTimeLT - ==>  Preparing: select * from orders where status = ? and order_time < ?
2024-03-11 19:53:00.001 [scheduling-1] DEBUG c.sky.mapper.OrderMapper.getByStatusAndOrderTimeLT - ==> Parameters: 1(Integer), 2024-03-11T19:38:00.001(LocalDateTime)
2024-03-11 19:53:00.003 [scheduling-1] DEBUG c.sky.mapper.OrderMapper.getByStatusAndOrderTimeLT - <==      Total: 0
2024-03-11 19:54:00.001 [scheduling-1] DEBUG c.sky.mapper.OrderMapper.getByStatusAndOrderTimeLT - ==>  Preparing: select * from orders where status = ? and order_time < ?
2024-03-11 19:54:00.001 [scheduling-1] DEBUG c.sky.mapper.OrderMapper.getByStatusAndOrderTimeLT - ==> Parameters: 1(Integer), 2024-03-11T19:39(LocalDateTime)
2024-03-11 19:54:00.002 [scheduling-1] DEBUG c.sky.mapper.OrderMapper.getByStatusAndOrderTimeLT - <==      Total: 0
2024-03-11 19:55:00.001 [scheduling-1] DEBUG c.sky.mapper.OrderMapper.getByStatusAndOrderTimeLT - ==>  Preparing: select * from orders where status = ? and order_time < ?
2024-03-11 19:55:00.002 [scheduling-1] DEBUG c.sky.mapper.OrderMapper.getByStatusAndOrderTimeLT - ==> Parameters: 1(Integer), 2024-03-11T19:40(LocalDateTime)
2024-03-11 19:55:00.002 [scheduling-1] DEBUG c.sky.mapper.OrderMapper.getByStatusAndOrderTimeLT - <==      Total: 0
2024-03-11 19:56:00.001 [scheduling-1] DEBUG c.sky.mapper.OrderMapper.getByStatusAndOrderTimeLT - ==>  Preparing: select * from orders where status = ? and order_time < ?
2024-03-11 19:56:00.001 [scheduling-1] DEBUG c.sky.mapper.OrderMapper.getByStatusAndOrderTimeLT - ==> Parameters: 1(Integer), 2024-03-11T19:41(LocalDateTime)
2024-03-11 19:56:00.002 [scheduling-1] DEBUG c.sky.mapper.OrderMapper.getByStatusAndOrderTimeLT - <==      Total: 0
2024-03-11 19:57:00.001 [scheduling-1] DEBUG c.sky.mapper.OrderMapper.getByStatusAndOrderTimeLT - ==>  Preparing: select * from orders where status = ? and order_time < ?
2024-03-11 19:57:00.002 [scheduling-1] DEBUG c.sky.mapper.OrderMapper.getByStatusAndOrderTimeLT - ==> Parameters: 1(Integer), 2024-03-11T19:42:00.001(LocalDateTime)
2024-03-11 19:57:00.003 [scheduling-1] DEBUG c.sky.mapper.OrderMapper.getByStatusAndOrderTimeLT - <==      Total: 0
2024-03-11 19:58:00.000 [scheduling-1] DEBUG c.sky.mapper.OrderMapper.getByStatusAndOrderTimeLT - ==>  Preparing: select * from orders where status = ? and order_time < ?
2024-03-11 19:58:00.001 [scheduling-1] DEBUG c.sky.mapper.OrderMapper.getByStatusAndOrderTimeLT - ==> Parameters: 1(Integer), 2024-03-11T19:43(LocalDateTime)
2024-03-11 19:58:00.002 [scheduling-1] DEBUG c.sky.mapper.OrderMapper.getByStatusAndOrderTimeLT - <==      Total: 0
2024-03-11 19:59:00.001 [scheduling-1] DEBUG c.sky.mapper.OrderMapper.getByStatusAndOrderTimeLT - ==>  Preparing: select * from orders where status = ? and order_time < ?
2024-03-11 19:59:00.002 [scheduling-1] DEBUG c.sky.mapper.OrderMapper.getByStatusAndOrderTimeLT - ==> Parameters: 1(Integer), 2024-03-11T19:44:00.001(LocalDateTime)
2024-03-11 19:59:00.004 [scheduling-1] DEBUG c.sky.mapper.OrderMapper.getByStatusAndOrderTimeLT - <==      Total: 0
2024-03-11 20:00:00.001 [scheduling-1] DEBUG c.sky.mapper.OrderMapper.getByStatusAndOrderTimeLT - ==>  Preparing: select * from orders where status = ? and order_time < ?
2024-03-11 20:00:00.001 [scheduling-1] DEBUG c.sky.mapper.OrderMapper.getByStatusAndOrderTimeLT - ==> Parameters: 1(Integer), 2024-03-11T19:45(LocalDateTime)
2024-03-11 20:00:00.002 [scheduling-1] DEBUG c.sky.mapper.OrderMapper.getByStatusAndOrderTimeLT - <==      Total: 0
2024-03-11 20:01:00.001 [scheduling-1] DEBUG c.sky.mapper.OrderMapper.getByStatusAndOrderTimeLT - ==>  Preparing: select * from orders where status = ? and order_time < ?
2024-03-11 20:01:00.002 [scheduling-1] DEBUG c.sky.mapper.OrderMapper.getByStatusAndOrderTimeLT - ==> Parameters: 1(Integer), 2024-03-11T19:46:00.001(LocalDateTime)
2024-03-11 20:01:00.003 [scheduling-1] DEBUG c.sky.mapper.OrderMapper.getByStatusAndOrderTimeLT - <==      Total: 0
2024-03-11 20:02:00.000 [scheduling-1] DEBUG c.sky.mapper.OrderMapper.getByStatusAndOrderTimeLT - ==>  Preparing: select * from orders where status = ? and order_time < ?
2024-03-11 20:02:00.001 [scheduling-1] DEBUG c.sky.mapper.OrderMapper.getByStatusAndOrderTimeLT - ==> Parameters: 1(Integer), 2024-03-11T19:47(LocalDateTime)
2024-03-11 20:02:00.003 [scheduling-1] DEBUG c.sky.mapper.OrderMapper.getByStatusAndOrderTimeLT - <==      Total: 0
2024-03-11 20:06:00.108 [scheduling-1] DEBUG c.sky.mapper.OrderMapper.getByStatusAndOrderTimeLT - ==>  Preparing: select * from orders where status = ? and order_time < ?
2024-03-11 20:06:00.121 [scheduling-1] DEBUG c.sky.mapper.OrderMapper.getByStatusAndOrderTimeLT - ==> Parameters: 1(Integer), 2024-03-11T19:51(LocalDateTime)
2024-03-11 20:06:00.137 [scheduling-1] DEBUG c.sky.mapper.OrderMapper.getByStatusAndOrderTimeLT - <==      Total: 0
2024-03-11 20:07:00.000 [scheduling-1] DEBUG c.sky.mapper.OrderMapper.getByStatusAndOrderTimeLT - ==>  Preparing: select * from orders where status = ? and order_time < ?
2024-03-11 20:07:00.001 [scheduling-1] DEBUG c.sky.mapper.OrderMapper.getByStatusAndOrderTimeLT - ==> Parameters: 1(Integer), 2024-03-11T19:52(LocalDateTime)
2024-03-11 20:07:00.003 [scheduling-1] DEBUG c.sky.mapper.OrderMapper.getByStatusAndOrderTimeLT - <==      Total: 0
2024-03-11 20:09:00.113 [scheduling-1] DEBUG c.sky.mapper.OrderMapper.getByStatusAndOrderTimeLT - ==>  Preparing: select * from orders where status = ? and order_time < ?
2024-03-11 20:09:00.127 [scheduling-1] DEBUG c.sky.mapper.OrderMapper.getByStatusAndOrderTimeLT - ==> Parameters: 1(Integer), 2024-03-11T19:54(LocalDateTime)
2024-03-11 20:09:00.145 [scheduling-1] DEBUG c.sky.mapper.OrderMapper.getByStatusAndOrderTimeLT - <==      Total: 0
2024-03-11 20:09:01.089 [http-nio-8080-exec-2] DEBUG com.sky.mapper.OrderMapper.countByMap - ==>  Preparing: select count(id) from orders WHERE order_time > ? and status = ?
2024-03-11 20:09:01.090 [http-nio-8080-exec-2] DEBUG com.sky.mapper.OrderMapper.countByMap - ==> Parameters: 2024-03-11T00:00(LocalDateTime), 2(Integer)
2024-03-11 20:09:01.102 [http-nio-8080-exec-2] DEBUG com.sky.mapper.OrderMapper.countByMap - <==      Total: 1
2024-03-11 20:09:01.102 [http-nio-8080-exec-2] DEBUG com.sky.mapper.OrderMapper.countByMap - ==>  Preparing: select count(id) from orders WHERE order_time > ? and status = ?
2024-03-11 20:09:01.102 [http-nio-8080-exec-2] DEBUG com.sky.mapper.OrderMapper.countByMap - ==> Parameters: 2024-03-11T00:00(LocalDateTime), 3(Integer)
2024-03-11 20:09:01.104 [http-nio-8080-exec-2] DEBUG com.sky.mapper.OrderMapper.countByMap - <==      Total: 1
2024-03-11 20:09:01.105 [http-nio-8080-exec-3] DEBUG com.sky.mapper.OrderMapper.countByMap - ==>  Preparing: select count(id) from orders WHERE order_time > ? and order_time < ?
2024-03-11 20:09:01.105 [http-nio-8080-exec-3] DEBUG com.sky.mapper.OrderMapper.countByMap - ==> Parameters: 2024-03-11T00:00(LocalDateTime), 2024-03-11T23:59:59.999999999(LocalDateTime)
2024-03-11 20:09:01.106 [http-nio-8080-exec-3] DEBUG com.sky.mapper.OrderMapper.countByMap - <==      Total: 1
2024-03-11 20:09:01.106 [http-nio-8080-exec-3] DEBUG com.sky.mapper.OrderMapper.sumByMap - ==>  Preparing: select sum(amount) from orders WHERE order_time > ? and order_time < ? and status = ?
2024-03-11 20:09:01.107 [http-nio-8080-exec-3] DEBUG com.sky.mapper.OrderMapper.sumByMap - ==> Parameters: 2024-03-11T00:00(LocalDateTime), 2024-03-11T23:59:59.999999999(LocalDateTime), 5(Integer)
2024-03-11 20:09:01.107 [http-nio-8080-exec-3] DEBUG com.sky.mapper.OrderMapper.sumByMap - <==      Total: 1
2024-03-11 20:09:01.108 [http-nio-8080-exec-3] DEBUG com.sky.mapper.OrderMapper.countByMap - ==>  Preparing: select count(id) from orders WHERE order_time > ? and order_time < ? and status = ?
2024-03-11 20:09:01.108 [http-nio-8080-exec-3] DEBUG com.sky.mapper.OrderMapper.countByMap - ==> Parameters: 2024-03-11T00:00(LocalDateTime), 2024-03-11T23:59:59.999999999(LocalDateTime), 5(Integer)
2024-03-11 20:09:01.109 [http-nio-8080-exec-3] DEBUG com.sky.mapper.OrderMapper.countByMap - <==      Total: 1
2024-03-11 20:09:01.109 [http-nio-8080-exec-6] DEBUG com.sky.mapper.DishMapper.countByMap - ==>  Preparing: select count(id) from dish WHERE status = ?
2024-03-11 20:09:01.109 [http-nio-8080-exec-6] DEBUG com.sky.mapper.DishMapper.countByMap - ==> Parameters: 1(Integer)
2024-03-11 20:09:01.110 [http-nio-8080-exec-6] DEBUG com.sky.mapper.DishMapper.countByMap - <==      Total: 1
2024-03-11 20:09:01.110 [http-nio-8080-exec-6] DEBUG com.sky.mapper.DishMapper.countByMap - ==>  Preparing: select count(id) from dish WHERE status = ?
2024-03-11 20:09:01.110 [http-nio-8080-exec-6] DEBUG com.sky.mapper.DishMapper.countByMap - ==> Parameters: 0(Integer)
2024-03-11 20:09:01.113 [http-nio-8080-exec-4] DEBUG com.sky.mapper.SetmealMapper.countByMap - ==>  Preparing: select count(id) from setmeal WHERE status = ?
2024-03-11 20:09:01.113 [http-nio-8080-exec-4] DEBUG com.sky.mapper.SetmealMapper.countByMap - ==> Parameters: 1(Integer)
2024-03-11 20:09:01.113 [http-nio-8080-exec-6] DEBUG com.sky.mapper.DishMapper.countByMap - <==      Total: 1
2024-03-11 20:09:01.115 [http-nio-8080-exec-3] DEBUG com.sky.mapper.UserMapper.getUserByMap - ==>  Preparing: select count(id) from user WHERE create_time > ? and create_time < ?
2024-03-11 20:09:01.116 [http-nio-8080-exec-3] DEBUG com.sky.mapper.UserMapper.getUserByMap - ==> Parameters: 2024-03-11T00:00(LocalDateTime), 2024-03-11T23:59:59.999999999(LocalDateTime)
2024-03-11 20:09:01.116 [http-nio-8080-exec-4] DEBUG com.sky.mapper.SetmealMapper.countByMap - <==      Total: 1
2024-03-11 20:09:01.116 [http-nio-8080-exec-3] DEBUG com.sky.mapper.UserMapper.getUserByMap - <==      Total: 1
2024-03-11 20:09:01.117 [http-nio-8080-exec-4] DEBUG com.sky.mapper.SetmealMapper.countByMap - ==>  Preparing: select count(id) from setmeal WHERE status = ?
2024-03-11 20:09:01.117 [http-nio-8080-exec-2] DEBUG com.sky.mapper.OrderMapper.countByMap - ==>  Preparing: select count(id) from orders WHERE order_time > ? and status = ?
2024-03-11 20:09:01.117 [http-nio-8080-exec-4] DEBUG com.sky.mapper.SetmealMapper.countByMap - ==> Parameters: 0(Integer)
2024-03-11 20:09:01.117 [http-nio-8080-exec-2] DEBUG com.sky.mapper.OrderMapper.countByMap - ==> Parameters: 2024-03-11T00:00(LocalDateTime), 5(Integer)
2024-03-11 20:09:01.117 [http-nio-8080-exec-4] DEBUG com.sky.mapper.SetmealMapper.countByMap - <==      Total: 1
2024-03-11 20:09:01.119 [http-nio-8080-exec-2] DEBUG com.sky.mapper.OrderMapper.countByMap - <==      Total: 1
2024-03-11 20:09:01.120 [http-nio-8080-exec-2] DEBUG com.sky.mapper.OrderMapper.countByMap - ==>  Preparing: select count(id) from orders WHERE order_time > ? and status = ?
2024-03-11 20:09:01.120 [http-nio-8080-exec-2] DEBUG com.sky.mapper.OrderMapper.countByMap - ==> Parameters: 2024-03-11T00:00(LocalDateTime), 6(Integer)
2024-03-11 20:09:01.123 [http-nio-8080-exec-2] DEBUG com.sky.mapper.OrderMapper.countByMap - <==      Total: 1
2024-03-11 20:09:01.123 [http-nio-8080-exec-2] DEBUG com.sky.mapper.OrderMapper.countByMap - ==>  Preparing: select count(id) from orders WHERE order_time > ?
2024-03-11 20:09:01.123 [http-nio-8080-exec-2] DEBUG com.sky.mapper.OrderMapper.countByMap - ==> Parameters: 2024-03-11T00:00(LocalDateTime)
2024-03-11 20:09:01.124 [http-nio-8080-exec-2] DEBUG com.sky.mapper.OrderMapper.countByMap - <==      Total: 1
2024-03-11 20:09:01.168 [http-nio-8080-exec-1] DEBUG com.sky.mapper.OrderMapper.pageQuery_COUNT - ==>  Preparing: SELECT count(0) FROM orders WHERE status = ?
2024-03-11 20:09:01.168 [http-nio-8080-exec-1] DEBUG com.sky.mapper.OrderMapper.pageQuery_COUNT - ==> Parameters: 2(Integer)
2024-03-11 20:09:01.176 [http-nio-8080-exec-1] DEBUG com.sky.mapper.OrderMapper.pageQuery_COUNT - <==      Total: 1
2024-03-11 20:09:01.192 [http-nio-8080-exec-7] DEBUG com.sky.mapper.OrderMapper.countStatus - ==>  Preparing: select count(id) from orders where status = ?
2024-03-11 20:09:01.193 [http-nio-8080-exec-7] DEBUG com.sky.mapper.OrderMapper.countStatus - ==> Parameters: 2(Integer)
2024-03-11 20:09:01.195 [http-nio-8080-exec-7] DEBUG com.sky.mapper.OrderMapper.countStatus - <==      Total: 1
2024-03-11 20:09:01.199 [http-nio-8080-exec-7] DEBUG com.sky.mapper.OrderMapper.countStatus - ==>  Preparing: select count(id) from orders where status = ?
2024-03-11 20:09:01.200 [http-nio-8080-exec-7] DEBUG com.sky.mapper.OrderMapper.countStatus - ==> Parameters: 3(Integer)
2024-03-11 20:09:01.200 [http-nio-8080-exec-7] DEBUG com.sky.mapper.OrderMapper.countStatus - <==      Total: 1
2024-03-11 20:09:01.201 [http-nio-8080-exec-7] DEBUG com.sky.mapper.OrderMapper.countStatus - ==>  Preparing: select count(id) from orders where status = ?
2024-03-11 20:09:01.201 [http-nio-8080-exec-7] DEBUG com.sky.mapper.OrderMapper.countStatus - ==> Parameters: 4(Integer)
2024-03-11 20:09:01.202 [http-nio-8080-exec-7] DEBUG com.sky.mapper.OrderMapper.countStatus - <==      Total: 1
2024-03-11 20:09:01.601 [http-nio-8080-exec-8] DEBUG com.sky.mapper.OrderMapper.pageQuery_COUNT - ==>  Preparing: SELECT count(0) FROM orders WHERE status = ?
2024-03-11 20:09:01.601 [http-nio-8080-exec-8] DEBUG com.sky.mapper.OrderMapper.pageQuery_COUNT - ==> Parameters: 2(Integer)
2024-03-11 20:09:01.602 [http-nio-8080-exec-8] DEBUG com.sky.mapper.OrderMapper.pageQuery_COUNT - <==      Total: 1
2024-03-11 20:09:01.610 [http-nio-8080-exec-10] DEBUG com.sky.mapper.OrderMapper.countByMap - ==>  Preparing: select count(id) from orders WHERE order_time > ? and order_time < ?
2024-03-11 20:09:01.610 [http-nio-8080-exec-10] DEBUG com.sky.mapper.OrderMapper.countByMap - ==> Parameters: 2024-03-11T00:00(LocalDateTime), 2024-03-11T23:59:59.999999999(LocalDateTime)
2024-03-11 20:09:01.611 [http-nio-8080-exec-2] DEBUG com.sky.mapper.SetmealMapper.countByMap - ==>  Preparing: select count(id) from setmeal WHERE status = ?
2024-03-11 20:09:01.611 [http-nio-8080-exec-6] DEBUG com.sky.mapper.OrderMapper.countByMap - ==>  Preparing: select count(id) from orders WHERE order_time > ? and status = ?
2024-03-11 20:09:01.612 [http-nio-8080-exec-6] DEBUG com.sky.mapper.OrderMapper.countByMap - ==> Parameters: 2024-03-11T00:00(LocalDateTime), 2(Integer)
2024-03-11 20:09:01.612 [http-nio-8080-exec-2] DEBUG com.sky.mapper.SetmealMapper.countByMap - ==> Parameters: 1(Integer)
2024-03-11 20:09:01.613 [http-nio-8080-exec-10] DEBUG com.sky.mapper.OrderMapper.countByMap - <==      Total: 1
2024-03-11 20:09:01.613 [http-nio-8080-exec-2] DEBUG com.sky.mapper.SetmealMapper.countByMap - <==      Total: 1
2024-03-11 20:09:01.614 [http-nio-8080-exec-2] DEBUG com.sky.mapper.SetmealMapper.countByMap - ==>  Preparing: select count(id) from setmeal WHERE status = ?
2024-03-11 20:09:01.614 [http-nio-8080-exec-2] DEBUG com.sky.mapper.SetmealMapper.countByMap - ==> Parameters: 0(Integer)
2024-03-11 20:09:01.615 [http-nio-8080-exec-6] DEBUG com.sky.mapper.OrderMapper.countByMap - <==      Total: 1
2024-03-11 20:09:01.615 [http-nio-8080-exec-6] DEBUG com.sky.mapper.OrderMapper.countByMap - ==>  Preparing: select count(id) from orders WHERE order_time > ? and status = ?
2024-03-11 20:09:01.615 [http-nio-8080-exec-6] DEBUG com.sky.mapper.OrderMapper.countByMap - ==> Parameters: 2024-03-11T00:00(LocalDateTime), 3(Integer)
2024-03-11 20:09:01.616 [http-nio-8080-exec-6] DEBUG com.sky.mapper.OrderMapper.countByMap - <==      Total: 1
2024-03-11 20:09:01.617 [http-nio-8080-exec-4] DEBUG com.sky.mapper.DishMapper.countByMap - ==>  Preparing: select count(id) from dish WHERE status = ?
2024-03-11 20:09:01.617 [http-nio-8080-exec-4] DEBUG com.sky.mapper.DishMapper.countByMap - ==> Parameters: 1(Integer)
2024-03-11 20:09:01.617 [http-nio-8080-exec-2] DEBUG com.sky.mapper.SetmealMapper.countByMap - <==      Total: 1
2024-03-11 20:09:01.618 [http-nio-8080-exec-10] DEBUG com.sky.mapper.OrderMapper.sumByMap - ==>  Preparing: select sum(amount) from orders WHERE order_time > ? and order_time < ? and status = ?
2024-03-11 20:09:01.619 [http-nio-8080-exec-10] DEBUG com.sky.mapper.OrderMapper.sumByMap - ==> Parameters: 2024-03-11T00:00(LocalDateTime), 2024-03-11T23:59:59.999999999(LocalDateTime), 5(Integer)
2024-03-11 20:09:01.619 [http-nio-8080-exec-4] DEBUG com.sky.mapper.DishMapper.countByMap - <==      Total: 1
2024-03-11 20:09:01.619 [http-nio-8080-exec-4] DEBUG com.sky.mapper.DishMapper.countByMap - ==>  Preparing: select count(id) from dish WHERE status = ?
2024-03-11 20:09:01.619 [http-nio-8080-exec-4] DEBUG com.sky.mapper.DishMapper.countByMap - ==> Parameters: 0(Integer)
2024-03-11 20:09:01.620 [http-nio-8080-exec-6] DEBUG com.sky.mapper.OrderMapper.countByMap - ==>  Preparing: select count(id) from orders WHERE order_time > ? and status = ?
2024-03-11 20:09:01.620 [http-nio-8080-exec-4] DEBUG com.sky.mapper.DishMapper.countByMap - <==      Total: 1
2024-03-11 20:09:01.620 [http-nio-8080-exec-6] DEBUG com.sky.mapper.OrderMapper.countByMap - ==> Parameters: 2024-03-11T00:00(LocalDateTime), 5(Integer)
2024-03-11 20:09:01.622 [http-nio-8080-exec-10] DEBUG com.sky.mapper.OrderMapper.sumByMap - <==      Total: 1
2024-03-11 20:09:01.623 [http-nio-8080-exec-10] DEBUG com.sky.mapper.OrderMapper.countByMap - ==>  Preparing: select count(id) from orders WHERE order_time > ? and order_time < ? and status = ?
2024-03-11 20:09:01.623 [http-nio-8080-exec-3] DEBUG com.sky.mapper.OrderMapper.countStatus - ==>  Preparing: select count(id) from orders where status = ?
2024-03-11 20:09:01.623 [http-nio-8080-exec-3] DEBUG com.sky.mapper.OrderMapper.countStatus - ==> Parameters: 2(Integer)
2024-03-11 20:09:01.623 [http-nio-8080-exec-10] DEBUG com.sky.mapper.OrderMapper.countByMap - ==> Parameters: 2024-03-11T00:00(LocalDateTime), 2024-03-11T23:59:59.999999999(LocalDateTime), 5(Integer)
2024-03-11 20:09:01.623 [http-nio-8080-exec-6] DEBUG com.sky.mapper.OrderMapper.countByMap - <==      Total: 1
2024-03-11 20:09:01.623 [http-nio-8080-exec-6] DEBUG com.sky.mapper.OrderMapper.countByMap - ==>  Preparing: select count(id) from orders WHERE order_time > ? and status = ?
2024-03-11 20:09:01.624 [http-nio-8080-exec-6] DEBUG com.sky.mapper.OrderMapper.countByMap - ==> Parameters: 2024-03-11T00:00(LocalDateTime), 6(Integer)
2024-03-11 20:09:01.624 [http-nio-8080-exec-10] DEBUG com.sky.mapper.OrderMapper.countByMap - <==      Total: 1
2024-03-11 20:09:01.624 [http-nio-8080-exec-10] DEBUG com.sky.mapper.UserMapper.getUserByMap - ==>  Preparing: select count(id) from user WHERE create_time > ? and create_time < ?
2024-03-11 20:09:01.624 [http-nio-8080-exec-10] DEBUG com.sky.mapper.UserMapper.getUserByMap - ==> Parameters: 2024-03-11T00:00(LocalDateTime), 2024-03-11T23:59:59.999999999(LocalDateTime)
2024-03-11 20:09:01.624 [http-nio-8080-exec-3] DEBUG com.sky.mapper.OrderMapper.countStatus - <==      Total: 1
2024-03-11 20:09:01.624 [http-nio-8080-exec-3] DEBUG com.sky.mapper.OrderMapper.countStatus - ==>  Preparing: select count(id) from orders where status = ?
2024-03-11 20:09:01.625 [http-nio-8080-exec-3] DEBUG com.sky.mapper.OrderMapper.countStatus - ==> Parameters: 3(Integer)
2024-03-11 20:09:01.625 [http-nio-8080-exec-10] DEBUG com.sky.mapper.UserMapper.getUserByMap - <==      Total: 1
2024-03-11 20:09:01.625 [http-nio-8080-exec-6] DEBUG com.sky.mapper.OrderMapper.countByMap - <==      Total: 1
2024-03-11 20:09:01.625 [http-nio-8080-exec-6] DEBUG com.sky.mapper.OrderMapper.countByMap - ==>  Preparing: select count(id) from orders WHERE order_time > ?
2024-03-11 20:09:01.625 [http-nio-8080-exec-6] DEBUG com.sky.mapper.OrderMapper.countByMap - ==> Parameters: 2024-03-11T00:00(LocalDateTime)
2024-03-11 20:09:01.626 [http-nio-8080-exec-3] DEBUG com.sky.mapper.OrderMapper.countStatus - <==      Total: 1
2024-03-11 20:09:01.626 [http-nio-8080-exec-3] DEBUG com.sky.mapper.OrderMapper.countStatus - ==>  Preparing: select count(id) from orders where status = ?
2024-03-11 20:09:01.626 [http-nio-8080-exec-3] DEBUG com.sky.mapper.OrderMapper.countStatus - ==> Parameters: 4(Integer)
2024-03-11 20:09:01.627 [http-nio-8080-exec-6] DEBUG com.sky.mapper.OrderMapper.countByMap - <==      Total: 1
2024-03-11 20:09:01.627 [http-nio-8080-exec-3] DEBUG com.sky.mapper.OrderMapper.countStatus - <==      Total: 1
2024-03-11 20:09:04.316 [http-nio-8080-exec-1] DEBUG com.sky.mapper.CategoryMapper.pageQuery_COUNT - ==>  Preparing: SELECT count(0) FROM category
2024-03-11 20:09:04.316 [http-nio-8080-exec-1] DEBUG com.sky.mapper.CategoryMapper.pageQuery_COUNT - ==> Parameters: 
2024-03-11 20:09:04.318 [http-nio-8080-exec-1] DEBUG com.sky.mapper.CategoryMapper.pageQuery_COUNT - <==      Total: 1
2024-03-11 20:09:04.320 [http-nio-8080-exec-1] DEBUG com.sky.mapper.CategoryMapper.pageQuery - ==>  Preparing: select * from category order by sort asc , create_time desc LIMIT ?
2024-03-11 20:09:04.320 [http-nio-8080-exec-1] DEBUG com.sky.mapper.CategoryMapper.pageQuery - ==> Parameters: 10(Integer)
2024-03-11 20:09:04.323 [http-nio-8080-exec-1] DEBUG com.sky.mapper.CategoryMapper.pageQuery - <==      Total: 10
2024-03-11 20:09:05.429 [http-nio-8080-exec-5] DEBUG com.sky.mapper.CategoryMapper.list - ==>  Preparing: select * from category where status = 1 and type = ? order by sort asc,create_time desc
2024-03-11 20:09:05.430 [http-nio-8080-exec-5] DEBUG com.sky.mapper.CategoryMapper.list - ==> Parameters: 1(Integer)
2024-03-11 20:09:05.435 [http-nio-8080-exec-5] DEBUG com.sky.mapper.CategoryMapper.list - <==      Total: 8
2024-03-11 20:09:05.442 [http-nio-8080-exec-7] DEBUG com.sky.mapper.DishMapper.pageQuery_COUNT - ==>  Preparing: SELECT count(0) FROM dish d LEFT JOIN category c ON d.category_id = c.id
2024-03-11 20:09:05.443 [http-nio-8080-exec-7] DEBUG com.sky.mapper.DishMapper.pageQuery_COUNT - ==> Parameters: 
2024-03-11 20:09:05.444 [http-nio-8080-exec-7] DEBUG com.sky.mapper.DishMapper.pageQuery_COUNT - <==      Total: 1
2024-03-11 20:09:05.444 [http-nio-8080-exec-7] DEBUG com.sky.mapper.DishMapper.pageQuery - ==>  Preparing: select d.*, c.name as categoryName from dish d left join category c on d.category_id = c.id order by d.create_time desc LIMIT ?
2024-03-11 20:09:05.445 [http-nio-8080-exec-7] DEBUG com.sky.mapper.DishMapper.pageQuery - ==> Parameters: 10(Integer)
2024-03-11 20:09:05.446 [http-nio-8080-exec-7] DEBUG com.sky.mapper.DishMapper.pageQuery - <==      Total: 10
2024-03-11 20:09:06.566 [http-nio-8080-exec-9] DEBUG com.sky.mapper.CategoryMapper.list - ==>  Preparing: select * from category where status = 1 and type = ? order by sort asc,create_time desc
2024-03-11 20:09:06.566 [http-nio-8080-exec-9] DEBUG com.sky.mapper.CategoryMapper.list - ==> Parameters: 2(Integer)
2024-03-11 20:09:06.568 [http-nio-8080-exec-9] DEBUG com.sky.mapper.CategoryMapper.list - <==      Total: 2
2024-03-11 20:09:06.572 [http-nio-8080-exec-8] DEBUG com.sky.mapper.SetmealMapper.pageQuery_COUNT - ==>  Preparing: SELECT count(0) FROM setmeal s LEFT JOIN category c ON s.category_id = c.id
2024-03-11 20:09:06.573 [http-nio-8080-exec-8] DEBUG com.sky.mapper.SetmealMapper.pageQuery_COUNT - ==> Parameters: 
2024-03-11 20:09:06.582 [http-nio-8080-exec-8] DEBUG com.sky.mapper.SetmealMapper.pageQuery_COUNT - <==      Total: 1
2024-03-11 20:09:06.582 [http-nio-8080-exec-8] DEBUG com.sky.mapper.SetmealMapper.pageQuery - ==>  Preparing: select s.*,c.name categoryName from setmeal s left join category c on s.category_id = c.id order by s.create_time desc LIMIT ?
2024-03-11 20:09:06.582 [http-nio-8080-exec-8] DEBUG com.sky.mapper.SetmealMapper.pageQuery - ==> Parameters: 10(Integer)
2024-03-11 20:09:06.583 [http-nio-8080-exec-8] DEBUG com.sky.mapper.SetmealMapper.pageQuery - <==      Total: 2
2024-03-11 20:09:07.379 [http-nio-8080-exec-4] DEBUG com.sky.mapper.OrderMapper.pageQuery_COUNT - ==>  Preparing: SELECT count(0) FROM orders
2024-03-11 20:09:07.380 [http-nio-8080-exec-4] DEBUG com.sky.mapper.OrderMapper.pageQuery_COUNT - ==> Parameters: 
2024-03-11 20:09:07.380 [http-nio-8080-exec-4] DEBUG com.sky.mapper.OrderMapper.pageQuery_COUNT - <==      Total: 1
2024-03-11 20:09:07.381 [http-nio-8080-exec-4] DEBUG com.sky.mapper.OrderMapper.pageQuery - ==>  Preparing: select * from orders order by order_time desc LIMIT ?
2024-03-11 20:09:07.381 [http-nio-8080-exec-4] DEBUG com.sky.mapper.OrderMapper.pageQuery - ==> Parameters: 10(Integer)
2024-03-11 20:09:07.383 [http-nio-8080-exec-4] DEBUG com.sky.mapper.OrderMapper.pageQuery - <==      Total: 8
2024-03-11 20:09:07.386 [http-nio-8080-exec-4] DEBUG com.sky.mapper.OrderDetailMapper.getByOrderId - ==>  Preparing: select * from order_detail where order_id = ?
2024-03-11 20:09:07.386 [http-nio-8080-exec-4] DEBUG com.sky.mapper.OrderDetailMapper.getByOrderId - ==> Parameters: 16(Long)
2024-03-11 20:09:07.387 [http-nio-8080-exec-4] DEBUG com.sky.mapper.OrderDetailMapper.getByOrderId - <==      Total: 1
2024-03-11 20:09:07.388 [http-nio-8080-exec-4] DEBUG com.sky.mapper.OrderDetailMapper.getByOrderId - ==>  Preparing: select * from order_detail where order_id = ?
2024-03-11 20:09:07.388 [http-nio-8080-exec-4] DEBUG com.sky.mapper.OrderDetailMapper.getByOrderId - ==> Parameters: 15(Long)
2024-03-11 20:09:07.389 [http-nio-8080-exec-4] DEBUG com.sky.mapper.OrderDetailMapper.getByOrderId - <==      Total: 1
2024-03-11 20:09:07.389 [http-nio-8080-exec-4] DEBUG com.sky.mapper.OrderDetailMapper.getByOrderId - ==>  Preparing: select * from order_detail where order_id = ?
2024-03-11 20:09:07.389 [http-nio-8080-exec-4] DEBUG com.sky.mapper.OrderDetailMapper.getByOrderId - ==> Parameters: 14(Long)
2024-03-11 20:09:07.390 [http-nio-8080-exec-4] DEBUG com.sky.mapper.OrderDetailMapper.getByOrderId - <==      Total: 1
2024-03-11 20:09:07.390 [http-nio-8080-exec-4] DEBUG com.sky.mapper.OrderDetailMapper.getByOrderId - ==>  Preparing: select * from order_detail where order_id = ?
2024-03-11 20:09:07.390 [http-nio-8080-exec-4] DEBUG com.sky.mapper.OrderDetailMapper.getByOrderId - ==> Parameters: 13(Long)
2024-03-11 20:09:07.394 [http-nio-8080-exec-4] DEBUG com.sky.mapper.OrderDetailMapper.getByOrderId - <==      Total: 1
2024-03-11 20:09:07.394 [http-nio-8080-exec-4] DEBUG com.sky.mapper.OrderDetailMapper.getByOrderId - ==>  Preparing: select * from order_detail where order_id = ?
2024-03-11 20:09:07.394 [http-nio-8080-exec-4] DEBUG com.sky.mapper.OrderDetailMapper.getByOrderId - ==> Parameters: 12(Long)
2024-03-11 20:09:07.396 [http-nio-8080-exec-4] DEBUG com.sky.mapper.OrderDetailMapper.getByOrderId - <==      Total: 1
2024-03-11 20:09:07.397 [http-nio-8080-exec-4] DEBUG com.sky.mapper.OrderDetailMapper.getByOrderId - ==>  Preparing: select * from order_detail where order_id = ?
2024-03-11 20:09:07.397 [http-nio-8080-exec-4] DEBUG com.sky.mapper.OrderDetailMapper.getByOrderId - ==> Parameters: 11(Long)
2024-03-11 20:09:07.397 [http-nio-8080-exec-4] DEBUG com.sky.mapper.OrderDetailMapper.getByOrderId - <==      Total: 1
2024-03-11 20:09:07.398 [http-nio-8080-exec-4] DEBUG com.sky.mapper.OrderDetailMapper.getByOrderId - ==>  Preparing: select * from order_detail where order_id = ?
2024-03-11 20:09:07.398 [http-nio-8080-exec-4] DEBUG com.sky.mapper.OrderDetailMapper.getByOrderId - ==> Parameters: 10(Long)
2024-03-11 20:09:07.398 [http-nio-8080-exec-4] DEBUG com.sky.mapper.OrderDetailMapper.getByOrderId - <==      Total: 1
2024-03-11 20:09:07.399 [http-nio-8080-exec-4] DEBUG com.sky.mapper.OrderDetailMapper.getByOrderId - ==>  Preparing: select * from order_detail where order_id = ?
2024-03-11 20:09:07.399 [http-nio-8080-exec-4] DEBUG com.sky.mapper.OrderDetailMapper.getByOrderId - ==> Parameters: 9(Long)
2024-03-11 20:09:07.399 [http-nio-8080-exec-4] DEBUG com.sky.mapper.OrderDetailMapper.getByOrderId - <==      Total: 1
2024-03-11 20:09:07.418 [http-nio-8080-exec-2] DEBUG com.sky.mapper.OrderMapper.countStatus - ==>  Preparing: select count(id) from orders where status = ?
2024-03-11 20:09:07.418 [http-nio-8080-exec-2] DEBUG com.sky.mapper.OrderMapper.countStatus - ==> Parameters: 2(Integer)
2024-03-11 20:09:07.419 [http-nio-8080-exec-2] DEBUG com.sky.mapper.OrderMapper.countStatus - <==      Total: 1
2024-03-11 20:09:07.419 [http-nio-8080-exec-2] DEBUG com.sky.mapper.OrderMapper.countStatus - ==>  Preparing: select count(id) from orders where status = ?
2024-03-11 20:09:07.419 [http-nio-8080-exec-2] DEBUG com.sky.mapper.OrderMapper.countStatus - ==> Parameters: 3(Integer)
2024-03-11 20:09:07.420 [http-nio-8080-exec-2] DEBUG com.sky.mapper.OrderMapper.countStatus - <==      Total: 1
2024-03-11 20:09:07.420 [http-nio-8080-exec-2] DEBUG com.sky.mapper.OrderMapper.countStatus - ==>  Preparing: select count(id) from orders where status = ?
2024-03-11 20:09:07.420 [http-nio-8080-exec-2] DEBUG com.sky.mapper.OrderMapper.countStatus - ==> Parameters: 4(Integer)
2024-03-11 20:09:07.421 [http-nio-8080-exec-2] DEBUG com.sky.mapper.OrderMapper.countStatus - <==      Total: 1
2024-03-11 20:09:08.465 [http-nio-8080-exec-10] DEBUG com.sky.mapper.EmployeeMapper.pageQuery_COUNT - ==>  Preparing: SELECT count(0) FROM employee
2024-03-11 20:09:08.465 [http-nio-8080-exec-10] DEBUG com.sky.mapper.EmployeeMapper.pageQuery_COUNT - ==> Parameters: 
2024-03-11 20:09:08.466 [http-nio-8080-exec-10] DEBUG com.sky.mapper.EmployeeMapper.pageQuery_COUNT - <==      Total: 1
2024-03-11 20:09:08.466 [http-nio-8080-exec-10] DEBUG com.sky.mapper.EmployeeMapper.pageQuery - ==>  Preparing: select * from employee order by create_time desc LIMIT ?
2024-03-11 20:09:08.466 [http-nio-8080-exec-10] DEBUG com.sky.mapper.EmployeeMapper.pageQuery - ==> Parameters: 10(Integer)
2024-03-11 20:09:08.467 [http-nio-8080-exec-10] DEBUG com.sky.mapper.EmployeeMapper.pageQuery - <==      Total: 4
2024-03-11 20:10:00.001 [scheduling-1] DEBUG c.sky.mapper.OrderMapper.getByStatusAndOrderTimeLT - ==>  Preparing: select * from orders where status = ? and order_time < ?
2024-03-11 20:10:00.002 [scheduling-1] DEBUG c.sky.mapper.OrderMapper.getByStatusAndOrderTimeLT - ==> Parameters: 1(Integer), 2024-03-11T19:55:00.001(LocalDateTime)
2024-03-11 20:10:00.003 [scheduling-1] DEBUG c.sky.mapper.OrderMapper.getByStatusAndOrderTimeLT - <==      Total: 0
2024-03-11 20:11:00.001 [scheduling-1] DEBUG c.sky.mapper.OrderMapper.getByStatusAndOrderTimeLT - ==>  Preparing: select * from orders where status = ? and order_time < ?
2024-03-11 20:11:00.002 [scheduling-1] DEBUG c.sky.mapper.OrderMapper.getByStatusAndOrderTimeLT - ==> Parameters: 1(Integer), 2024-03-11T19:56:00.001(LocalDateTime)
2024-03-11 20:11:00.003 [scheduling-1] DEBUG c.sky.mapper.OrderMapper.getByStatusAndOrderTimeLT - <==      Total: 0
