2024/03/11 07:13:52 [notice] 1#1: using the "epoll" event method
2024/03/11 07:13:52 [notice] 1#1: nginx/1.21.5
2024/03/11 07:13:52 [notice] 1#1: built by gcc 10.2.1 20210110 (Debian 10.2.1-6) 
2024/03/11 07:13:52 [notice] 1#1: OS: Linux 3.10.0-1160.105.1.el7.x86_64
2024/03/11 07:13:52 [notice] 1#1: getrlimit(RLIMIT_NOFILE): 1048576:1048576
2024/03/11 07:13:52 [notice] 1#1: start worker processes
2024/03/11 07:13:52 [notice] 1#1: start worker process 29
2024/03/11 07:13:52 [notice] 1#1: start worker process 30
2024/03/11 07:13:52 [notice] 1#1: start worker process 31
2024/03/11 07:13:52 [notice] 1#1: start worker process 32
2024/03/11 07:14:36 [error] 30#30: *1 "/etc/nginx/html/dist/index.html" is not found (2: No such file or directory), client: 192.168.93.1, server: 192.168.93.128, request: "GET / HTTP/1.1", host: "192.168.93.128"
2024/03/11 07:14:36 [error] 30#30: *1 open() "/etc/nginx/html/dist/favicon.ico" failed (2: No such file or directory), client: 192.168.93.1, server: 192.168.93.128, request: "GET /favicon.ico HTTP/1.1", host: "192.168.93.128", referrer: "http://192.168.93.128/"
2024/03/11 07:14:46 [error] 30#30: *1 "/etc/nginx/html/dist/index.html" is not found (2: No such file or directory), client: 192.168.93.1, server: 192.168.93.128, request: "GET / HTTP/1.1", host: "192.168.93.128"
2024/03/11 07:14:49 [error] 30#30: *1 "/etc/nginx/html/dist/index.html" is not found (2: No such file or directory), client: 192.168.93.1, server: 192.168.93.128, request: "GET / HTTP/1.1", host: "192.168.93.128"
2024/03/11 07:14:50 [error] 30#30: *1 "/etc/nginx/html/dist/index.html" is not found (2: No such file or directory), client: 192.168.93.1, server: 192.168.93.128, request: "GET / HTTP/1.1", host: "192.168.93.128"
2024/03/11 07:15:25 [error] 30#30: *1 "/etc/nginx/html/dist/index.html" is not found (2: No such file or directory), client: 192.168.93.1, server: 192.168.93.128, request: "GET / HTTP/1.1", host: "192.168.93.128"
2024/03/11 07:15:35 [notice] 1#1: signal 3 (SIGQUIT) received, shutting down
2024/03/11 07:15:35 [notice] 29#29: gracefully shutting down
2024/03/11 07:15:35 [notice] 31#31: gracefully shutting down
2024/03/11 07:15:35 [notice] 29#29: exiting
2024/03/11 07:15:35 [notice] 31#31: exiting
2024/03/11 07:15:35 [notice] 29#29: exit
2024/03/11 07:15:35 [notice] 31#31: exit
2024/03/11 07:15:35 [notice] 32#32: gracefully shutting down
2024/03/11 07:15:35 [notice] 32#32: exiting
2024/03/11 07:15:35 [notice] 32#32: exit
2024/03/11 07:15:35 [notice] 30#30: gracefully shutting down
2024/03/11 07:15:35 [notice] 30#30: exiting
2024/03/11 07:15:35 [notice] 30#30: exit
2024/03/11 07:15:35 [notice] 1#1: signal 17 (SIGCHLD) received from 29
2024/03/11 07:15:35 [notice] 1#1: worker process 29 exited with code 0
2024/03/11 07:15:35 [notice] 1#1: worker process 32 exited with code 0
2024/03/11 07:15:35 [notice] 1#1: signal 29 (SIGIO) received
2024/03/11 07:15:35 [notice] 1#1: signal 17 (SIGCHLD) received from 31
2024/03/11 07:15:35 [notice] 1#1: worker process 30 exited with code 0
2024/03/11 07:15:35 [notice] 1#1: worker process 31 exited with code 0
2024/03/11 07:15:35 [notice] 1#1: exit
2024/03/11 07:28:01 [notice] 1#1: using the "epoll" event method
2024/03/11 07:28:01 [notice] 1#1: nginx/1.21.5
2024/03/11 07:28:01 [notice] 1#1: built by gcc 10.2.1 20210110 (Debian 10.2.1-6) 
2024/03/11 07:28:01 [notice] 1#1: OS: Linux 3.10.0-1160.105.1.el7.x86_64
2024/03/11 07:28:01 [notice] 1#1: getrlimit(RLIMIT_NOFILE): 1048576:1048576
2024/03/11 07:28:01 [notice] 1#1: start worker processes
2024/03/11 07:28:01 [notice] 1#1: start worker process 30
2024/03/11 07:28:01 [notice] 1#1: start worker process 31
2024/03/11 07:28:01 [notice] 1#1: start worker process 32
2024/03/11 07:28:01 [notice] 1#1: start worker process 33
2024/03/11 07:29:19 [error] 30#30: *1 open() "/etc/nginx/html/dist/index.html" failed (2: No such file or directory), client: 192.168.93.1, server: 192.168.93.128, request: "GET /index.html HTTP/1.1", host: "192.168.93.128"
2024/03/11 07:29:24 [error] 30#30: *1 open() "/etc/nginx/html/dist/index.html" failed (2: No such file or directory), client: 192.168.93.1, server: 192.168.93.128, request: "GET /index.html HTTP/1.1", host: "192.168.93.128"
2024/03/11 07:30:33 [error] 30#30: *2 open() "/etc/nginx/html/dist/admin/employee/login" failed (2: No such file or directory), client: 192.168.93.1, server: 192.168.93.128, request: "POST /admin/employee/login HTTP/1.1", host: "192.168.93.128"
2024/03/11 07:34:04 [notice] 1#1: signal 3 (SIGQUIT) received, shutting down
2024/03/11 07:34:04 [notice] 32#32: gracefully shutting down
2024/03/11 07:34:04 [notice] 32#32: exiting
2024/03/11 07:34:04 [notice] 32#32: exit
2024/03/11 07:34:04 [notice] 33#33: gracefully shutting down
2024/03/11 07:34:04 [notice] 33#33: exiting
2024/03/11 07:34:04 [notice] 30#30: gracefully shutting down
2024/03/11 07:34:04 [notice] 33#33: exit
2024/03/11 07:34:04 [notice] 30#30: exiting
2024/03/11 07:34:04 [notice] 30#30: exit
2024/03/11 07:34:04 [notice] 31#31: gracefully shutting down
2024/03/11 07:34:04 [notice] 31#31: exiting
2024/03/11 07:34:04 [notice] 31#31: exit
2024/03/11 07:34:04 [notice] 1#1: signal 17 (SIGCHLD) received from 31
2024/03/11 07:34:04 [notice] 1#1: worker process 30 exited with code 0
2024/03/11 07:34:04 [notice] 1#1: worker process 31 exited with code 0
2024/03/11 07:34:04 [notice] 1#1: worker process 32 exited with code 0
2024/03/11 07:34:04 [notice] 1#1: worker process 33 exited with code 0
2024/03/11 07:34:04 [notice] 1#1: exit
2024/03/11 08:24:28 [emerg] 1#1: open() "/etc/nginx/logs/springboot_pro.access.log" failed (2: No such file or directory)
2024/03/11 08:24:28 [emerg] 1#1: open() "/etc/nginx/logs/springboot_pro.access.log" failed (2: No such file or directory)
2024/03/11 08:24:28 [emerg] 1#1: open() "/etc/nginx/logs/springboot_pro.access.log" failed (2: No such file or directory)
2024/03/11 08:24:29 [emerg] 1#1: open() "/etc/nginx/logs/springboot_pro.access.log" failed (2: No such file or directory)
2024/03/11 08:24:30 [emerg] 1#1: open() "/etc/nginx/logs/springboot_pro.access.log" failed (2: No such file or directory)
2024/03/11 08:24:32 [emerg] 1#1: open() "/etc/nginx/logs/springboot_pro.access.log" failed (2: No such file or directory)
2024/03/11 08:24:35 [emerg] 1#1: open() "/etc/nginx/logs/springboot_pro.access.log" failed (2: No such file or directory)
2024/03/11 08:24:42 [emerg] 1#1: open() "/etc/nginx/logs/springboot_pro.access.log" failed (2: No such file or directory)
2024/03/11 08:24:55 [emerg] 1#1: open() "/etc/nginx/logs/springboot_pro.access.log" failed (2: No such file or directory)
2024/03/11 08:25:20 [emerg] 1#1: open() "/etc/nginx/logs/springboot_pro.access.log" failed (2: No such file or directory)
2024/03/11 08:26:12 [emerg] 1#1: open() "/etc/nginx/logs/springboot_pro.access.log" failed (2: No such file or directory)
2024/03/11 08:27:12 [emerg] 1#1: open() "/etc/nginx/logs/springboot_pro.access.log" failed (2: No such file or directory)
2024/03/11 08:27:58 [notice] 1#1: using the "epoll" event method
2024/03/11 08:27:58 [notice] 1#1: nginx/1.21.5
2024/03/11 08:27:58 [notice] 1#1: built by gcc 10.2.1 20210110 (Debian 10.2.1-6) 
2024/03/11 08:27:58 [notice] 1#1: OS: Linux 3.10.0-1160.105.1.el7.x86_64
2024/03/11 08:27:58 [notice] 1#1: getrlimit(RLIMIT_NOFILE): 1048576:1048576
2024/03/11 08:27:58 [notice] 1#1: start worker processes
2024/03/11 08:27:58 [notice] 1#1: start worker process 24
2024/03/11 08:27:58 [notice] 1#1: start worker process 25
2024/03/11 08:27:58 [notice] 1#1: start worker process 26
2024/03/11 08:27:58 [notice] 1#1: start worker process 27
2024/03/11 08:31:05 [notice] 1#1: signal 3 (SIGQUIT) received, shutting down
2024/03/11 08:31:05 [notice] 24#24: gracefully shutting down
2024/03/11 08:31:05 [notice] 26#26: gracefully shutting down
2024/03/11 08:31:05 [notice] 24#24: exiting
2024/03/11 08:31:05 [notice] 26#26: exiting
2024/03/11 08:31:05 [notice] 24#24: exit
2024/03/11 08:31:05 [notice] 26#26: exit
2024/03/11 08:31:05 [notice] 25#25: gracefully shutting down
2024/03/11 08:31:05 [notice] 25#25: exiting
2024/03/11 08:31:05 [notice] 25#25: exit
2024/03/11 08:31:05 [notice] 27#27: gracefully shutting down
2024/03/11 08:31:05 [notice] 27#27: exiting
2024/03/11 08:31:05 [notice] 27#27: exit
2024/03/11 08:31:05 [notice] 1#1: signal 17 (SIGCHLD) received from 24
2024/03/11 08:31:05 [notice] 1#1: worker process 24 exited with code 0
2024/03/11 08:31:05 [notice] 1#1: signal 29 (SIGIO) received
2024/03/11 08:31:05 [notice] 1#1: signal 17 (SIGCHLD) received from 26
2024/03/11 08:31:05 [notice] 1#1: worker process 26 exited with code 0
2024/03/11 08:31:05 [notice] 1#1: worker process 27 exited with code 0
2024/03/11 08:31:05 [notice] 1#1: signal 29 (SIGIO) received
2024/03/11 08:31:05 [notice] 1#1: signal 17 (SIGCHLD) received from 25
2024/03/11 08:31:05 [notice] 1#1: worker process 25 exited with code 0
2024/03/11 08:31:05 [notice] 1#1: exit
2024/03/11 08:32:37 [notice] 1#1: using the "epoll" event method
2024/03/11 08:32:37 [notice] 1#1: nginx/1.21.5
2024/03/11 08:32:37 [notice] 1#1: built by gcc 10.2.1 20210110 (Debian 10.2.1-6) 
2024/03/11 08:32:37 [notice] 1#1: OS: Linux 3.10.0-1160.105.1.el7.x86_64
2024/03/11 08:32:37 [notice] 1#1: getrlimit(RLIMIT_NOFILE): 1048576:1048576
2024/03/11 08:32:37 [notice] 1#1: start worker processes
2024/03/11 08:32:37 [notice] 1#1: start worker process 24
2024/03/11 08:32:37 [notice] 1#1: start worker process 25
2024/03/11 08:32:37 [notice] 1#1: start worker process 26
2024/03/11 08:32:37 [notice] 1#1: start worker process 27
2024/03/11 09:17:17 [notice] 1#1: signal 3 (SIGQUIT) received, shutting down
2024/03/11 09:17:17 [notice] 24#24: gracefully shutting down
2024/03/11 09:17:17 [notice] 26#26: gracefully shutting down
2024/03/11 09:17:17 [notice] 24#24: exiting
2024/03/11 09:17:17 [notice] 26#26: exiting
2024/03/11 09:17:17 [notice] 24#24: exit
2024/03/11 09:17:17 [notice] 26#26: exit
2024/03/11 09:17:17 [notice] 27#27: gracefully shutting down
2024/03/11 09:17:17 [notice] 27#27: exiting
2024/03/11 09:17:17 [notice] 27#27: exit
2024/03/11 09:17:17 [notice] 25#25: gracefully shutting down
2024/03/11 09:17:17 [notice] 25#25: exiting
2024/03/11 09:17:17 [notice] 25#25: exit
2024/03/11 09:17:17 [notice] 1#1: signal 17 (SIGCHLD) received from 27
2024/03/11 09:17:17 [notice] 1#1: worker process 26 exited with code 0
2024/03/11 09:17:17 [notice] 1#1: worker process 24 exited with code 0
2024/03/11 09:17:17 [notice] 1#1: worker process 25 exited with code 0
2024/03/11 09:17:17 [notice] 1#1: worker process 27 exited with code 0
2024/03/11 09:17:17 [notice] 1#1: exit
2024/03/11 09:17:51 [notice] 1#1: using the "epoll" event method
2024/03/11 09:17:51 [notice] 1#1: nginx/1.21.5
2024/03/11 09:17:51 [notice] 1#1: built by gcc 10.2.1 20210110 (Debian 10.2.1-6) 
2024/03/11 09:17:51 [notice] 1#1: OS: Linux 3.10.0-1160.105.1.el7.x86_64
2024/03/11 09:17:51 [notice] 1#1: getrlimit(RLIMIT_NOFILE): 1048576:1048576
2024/03/11 09:17:51 [notice] 1#1: start worker processes
2024/03/11 09:17:51 [notice] 1#1: start worker process 23
2024/03/11 09:17:51 [notice] 1#1: start worker process 24
2024/03/11 09:17:51 [notice] 1#1: start worker process 25
2024/03/11 09:17:51 [notice] 1#1: start worker process 26
2024/03/11 09:18:44 [notice] 1#1: signal 3 (SIGQUIT) received, shutting down
2024/03/11 09:18:44 [notice] 23#23: gracefully shutting down
2024/03/11 09:18:44 [notice] 24#24: gracefully shutting down
2024/03/11 09:18:44 [notice] 23#23: exiting
2024/03/11 09:18:44 [notice] 24#24: exiting
2024/03/11 09:18:44 [notice] 25#25: gracefully shutting down
2024/03/11 09:18:44 [notice] 23#23: exit
2024/03/11 09:18:44 [notice] 25#25: exiting
2024/03/11 09:18:44 [notice] 25#25: exit
2024/03/11 09:18:44 [notice] 24#24: exit
2024/03/11 09:18:44 [notice] 26#26: gracefully shutting down
2024/03/11 09:18:44 [notice] 26#26: exiting
2024/03/11 09:18:44 [notice] 26#26: exit
2024/03/11 09:18:44 [notice] 1#1: signal 17 (SIGCHLD) received from 24
2024/03/11 09:18:44 [notice] 1#1: worker process 23 exited with code 0
2024/03/11 09:18:44 [notice] 1#1: worker process 24 exited with code 0
2024/03/11 09:18:44 [notice] 1#1: signal 29 (SIGIO) received
2024/03/11 09:18:44 [notice] 1#1: signal 17 (SIGCHLD) received from 23
2024/03/11 09:18:44 [notice] 1#1: signal 17 (SIGCHLD) received from 25
2024/03/11 09:18:44 [notice] 1#1: worker process 25 exited with code 0
2024/03/11 09:18:44 [notice] 1#1: worker process 26 exited with code 0
2024/03/11 09:18:44 [notice] 1#1: exit
2024/03/11 09:19:51 [notice] 1#1: using the "epoll" event method
2024/03/11 09:19:51 [notice] 1#1: nginx/1.21.5
2024/03/11 09:19:51 [notice] 1#1: built by gcc 10.2.1 20210110 (Debian 10.2.1-6) 
2024/03/11 09:19:51 [notice] 1#1: OS: Linux 3.10.0-1160.105.1.el7.x86_64
2024/03/11 09:19:51 [notice] 1#1: getrlimit(RLIMIT_NOFILE): 1048576:1048576
2024/03/11 09:19:51 [notice] 1#1: start worker processes
2024/03/11 09:19:51 [notice] 1#1: start worker process 24
2024/03/11 09:19:51 [notice] 1#1: start worker process 25
2024/03/11 09:19:51 [notice] 1#1: start worker process 26
2024/03/11 09:19:51 [notice] 1#1: start worker process 27
2024/03/11 09:24:05 [notice] 1#1: signal 3 (SIGQUIT) received, shutting down
2024/03/11 09:24:05 [notice] 26#26: gracefully shutting down
2024/03/11 09:24:05 [notice] 24#24: gracefully shutting down
2024/03/11 09:24:05 [notice] 26#26: exiting
2024/03/11 09:24:05 [notice] 24#24: exiting
2024/03/11 09:24:05 [notice] 26#26: exit
2024/03/11 09:24:05 [notice] 24#24: exit
2024/03/11 09:24:05 [notice] 25#25: gracefully shutting down
2024/03/11 09:24:05 [notice] 25#25: exiting
2024/03/11 09:24:05 [notice] 25#25: exit
2024/03/11 09:24:05 [notice] 27#27: gracefully shutting down
2024/03/11 09:24:05 [notice] 27#27: exiting
2024/03/11 09:24:05 [notice] 27#27: exit
2024/03/11 09:24:05 [notice] 1#1: signal 17 (SIGCHLD) received from 25
2024/03/11 09:24:05 [notice] 1#1: worker process 24 exited with code 0
2024/03/11 09:24:05 [notice] 1#1: worker process 25 exited with code 0
2024/03/11 09:24:05 [notice] 1#1: signal 29 (SIGIO) received
2024/03/11 09:24:05 [notice] 1#1: signal 17 (SIGCHLD) received from 26
2024/03/11 09:24:05 [notice] 1#1: worker process 26 exited with code 0
2024/03/11 09:24:05 [notice] 1#1: worker process 27 exited with code 0
2024/03/11 09:24:05 [notice] 1#1: exit
2024/03/11 09:28:28 [notice] 1#1: using the "epoll" event method
2024/03/11 09:28:28 [notice] 1#1: nginx/1.21.5
2024/03/11 09:28:28 [notice] 1#1: built by gcc 10.2.1 20210110 (Debian 10.2.1-6) 
2024/03/11 09:28:28 [notice] 1#1: OS: Linux 3.10.0-1160.105.1.el7.x86_64
2024/03/11 09:28:28 [notice] 1#1: getrlimit(RLIMIT_NOFILE): 1048576:1048576
2024/03/11 09:28:28 [notice] 1#1: start worker processes
2024/03/11 09:28:28 [notice] 1#1: start worker process 24
2024/03/11 09:28:28 [notice] 1#1: start worker process 25
2024/03/11 09:28:28 [notice] 1#1: start worker process 26
2024/03/11 09:28:28 [notice] 1#1: start worker process 27
2024/03/11 09:29:40 [notice] 1#1: signal 3 (SIGQUIT) received, shutting down
2024/03/11 09:29:40 [notice] 24#24: gracefully shutting down
2024/03/11 09:29:40 [notice] 24#24: exiting
2024/03/11 09:29:40 [notice] 24#24: exit
2024/03/11 09:29:40 [notice] 25#25: gracefully shutting down
2024/03/11 09:29:40 [notice] 25#25: exiting
2024/03/11 09:29:40 [notice] 25#25: exit
2024/03/11 09:29:40 [notice] 26#26: gracefully shutting down
2024/03/11 09:29:40 [notice] 26#26: exiting
2024/03/11 09:29:40 [notice] 26#26: exit
2024/03/11 09:29:40 [notice] 27#27: gracefully shutting down
2024/03/11 09:29:40 [notice] 27#27: exiting
2024/03/11 09:29:40 [notice] 27#27: exit
2024/03/11 09:29:40 [notice] 1#1: signal 17 (SIGCHLD) received from 25
2024/03/11 09:29:40 [notice] 1#1: worker process 24 exited with code 0
2024/03/11 09:29:40 [notice] 1#1: worker process 25 exited with code 0
2024/03/11 09:29:40 [notice] 1#1: signal 29 (SIGIO) received
2024/03/11 09:29:40 [notice] 1#1: signal 17 (SIGCHLD) received from 24
2024/03/11 09:29:40 [notice] 1#1: signal 17 (SIGCHLD) received from 26
2024/03/11 09:29:40 [notice] 1#1: worker process 26 exited with code 0
2024/03/11 09:29:40 [notice] 1#1: worker process 27 exited with code 0
2024/03/11 09:29:40 [notice] 1#1: exit
2024/03/11 09:30:33 [notice] 1#1: using the "epoll" event method
2024/03/11 09:30:33 [notice] 1#1: nginx/1.21.5
2024/03/11 09:30:33 [notice] 1#1: built by gcc 10.2.1 20210110 (Debian 10.2.1-6) 
2024/03/11 09:30:33 [notice] 1#1: OS: Linux 3.10.0-1160.105.1.el7.x86_64
2024/03/11 09:30:33 [notice] 1#1: getrlimit(RLIMIT_NOFILE): 1048576:1048576
2024/03/11 09:30:33 [notice] 1#1: start worker processes
2024/03/11 09:30:33 [notice] 1#1: start worker process 23
2024/03/11 09:30:33 [notice] 1#1: start worker process 24
2024/03/11 09:30:33 [notice] 1#1: start worker process 25
2024/03/11 09:30:33 [notice] 1#1: start worker process 26
2024/03/11 09:35:00 [notice] 1#1: signal 3 (SIGQUIT) received, shutting down
2024/03/11 09:35:00 [notice] 23#23: gracefully shutting down
2024/03/11 09:35:00 [notice] 25#25: gracefully shutting down
2024/03/11 09:35:00 [notice] 23#23: exiting
2024/03/11 09:35:00 [notice] 25#25: exiting
2024/03/11 09:35:00 [notice] 25#25: exit
2024/03/11 09:35:00 [notice] 23#23: exit
2024/03/11 09:35:00 [notice] 26#26: gracefully shutting down
2024/03/11 09:35:00 [notice] 26#26: exiting
2024/03/11 09:35:00 [notice] 26#26: exit
2024/03/11 09:35:00 [notice] 24#24: gracefully shutting down
2024/03/11 09:35:00 [notice] 24#24: exiting
2024/03/11 09:35:00 [notice] 24#24: exit
2024/03/11 09:35:00 [notice] 1#1: signal 17 (SIGCHLD) received from 25
2024/03/11 09:35:00 [notice] 1#1: worker process 25 exited with code 0
2024/03/11 09:35:00 [notice] 1#1: worker process 26 exited with code 0
2024/03/11 09:35:00 [notice] 1#1: signal 29 (SIGIO) received
2024/03/11 09:35:00 [notice] 1#1: signal 17 (SIGCHLD) received from 23
2024/03/11 09:35:00 [notice] 1#1: worker process 23 exited with code 0
2024/03/11 09:35:00 [notice] 1#1: worker process 24 exited with code 0
2024/03/11 09:35:00 [notice] 1#1: exit
2024/03/11 09:35:57 [notice] 1#1: using the "epoll" event method
2024/03/11 09:35:57 [notice] 1#1: nginx/1.21.5
2024/03/11 09:35:57 [notice] 1#1: built by gcc 10.2.1 20210110 (Debian 10.2.1-6) 
2024/03/11 09:35:57 [notice] 1#1: OS: Linux 3.10.0-1160.105.1.el7.x86_64
2024/03/11 09:35:57 [notice] 1#1: getrlimit(RLIMIT_NOFILE): 1048576:1048576
2024/03/11 09:35:57 [notice] 1#1: start worker processes
2024/03/11 09:35:57 [notice] 1#1: start worker process 24
2024/03/11 09:35:57 [notice] 1#1: start worker process 25
2024/03/11 09:35:57 [notice] 1#1: start worker process 26
2024/03/11 09:35:57 [notice] 1#1: start worker process 27
2024/03/11 09:43:22 [notice] 1#1: signal 3 (SIGQUIT) received, shutting down
2024/03/11 09:43:22 [notice] 24#24: gracefully shutting down
2024/03/11 09:43:22 [notice] 26#26: gracefully shutting down
2024/03/11 09:43:22 [notice] 24#24: exiting
2024/03/11 09:43:22 [notice] 26#26: exiting
2024/03/11 09:43:22 [notice] 24#24: exit
2024/03/11 09:43:22 [notice] 26#26: exit
2024/03/11 09:43:22 [notice] 27#27: gracefully shutting down
2024/03/11 09:43:22 [notice] 27#27: exiting
2024/03/11 09:43:22 [notice] 27#27: exit
2024/03/11 09:43:22 [notice] 25#25: gracefully shutting down
2024/03/11 09:43:22 [notice] 25#25: exiting
2024/03/11 09:43:22 [notice] 25#25: exit
2024/03/11 09:43:22 [notice] 1#1: signal 17 (SIGCHLD) received from 27
2024/03/11 09:43:22 [notice] 1#1: worker process 26 exited with code 0
2024/03/11 09:43:22 [notice] 1#1: worker process 25 exited with code 0
2024/03/11 09:43:22 [notice] 1#1: worker process 27 exited with code 0
2024/03/11 09:43:22 [notice] 1#1: signal 29 (SIGIO) received
2024/03/11 09:43:22 [notice] 1#1: signal 17 (SIGCHLD) received from 25
2024/03/11 09:43:22 [notice] 1#1: signal 17 (SIGCHLD) received from 24
2024/03/11 09:43:22 [notice] 1#1: worker process 24 exited with code 0
2024/03/11 09:43:22 [notice] 1#1: exit
2024/03/11 09:43:32 [notice] 1#1: using the "epoll" event method
2024/03/11 09:43:32 [notice] 1#1: nginx/1.21.5
2024/03/11 09:43:32 [notice] 1#1: built by gcc 10.2.1 20210110 (Debian 10.2.1-6) 
2024/03/11 09:43:32 [notice] 1#1: OS: Linux 3.10.0-1160.105.1.el7.x86_64
2024/03/11 09:43:32 [notice] 1#1: getrlimit(RLIMIT_NOFILE): 1048576:1048576
2024/03/11 09:43:32 [notice] 1#1: start worker processes
2024/03/11 09:43:32 [notice] 1#1: start worker process 24
2024/03/11 09:43:32 [notice] 1#1: start worker process 25
2024/03/11 09:43:32 [notice] 1#1: start worker process 26
2024/03/11 09:43:32 [notice] 1#1: start worker process 27
2024/03/11 11:18:40 [notice] 1#1: signal 3 (SIGQUIT) received, shutting down
2024/03/11 11:18:40 [notice] 25#25: gracefully shutting down
2024/03/11 11:18:40 [notice] 24#24: gracefully shutting down
2024/03/11 11:18:40 [notice] 27#27: gracefully shutting down
2024/03/11 11:18:40 [notice] 24#24: exiting
2024/03/11 11:18:40 [notice] 27#27: exiting
2024/03/11 11:18:40 [notice] 25#25: exiting
2024/03/11 11:18:40 [notice] 24#24: exit
2024/03/11 11:18:40 [notice] 25#25: exit
2024/03/11 11:18:40 [notice] 27#27: exit
2024/03/11 11:18:40 [notice] 26#26: gracefully shutting down
2024/03/11 11:18:40 [notice] 26#26: exiting
2024/03/11 11:18:40 [notice] 26#26: exit
2024/03/11 11:18:40 [notice] 1#1: signal 17 (SIGCHLD) received from 25
2024/03/11 11:18:40 [notice] 1#1: worker process 24 exited with code 0
2024/03/11 11:18:40 [notice] 1#1: worker process 25 exited with code 0
2024/03/11 11:18:40 [notice] 1#1: worker process 26 exited with code 0
2024/03/11 11:18:40 [notice] 1#1: worker process 27 exited with code 0
2024/03/11 11:18:40 [notice] 1#1: exit
2024/03/11 11:18:51 [notice] 1#1: using the "epoll" event method
2024/03/11 11:18:51 [notice] 1#1: nginx/1.21.5
2024/03/11 11:18:51 [notice] 1#1: built by gcc 10.2.1 20210110 (Debian 10.2.1-6) 
2024/03/11 11:18:51 [notice] 1#1: OS: Linux 3.10.0-1160.105.1.el7.x86_64
2024/03/11 11:18:51 [notice] 1#1: getrlimit(RLIMIT_NOFILE): 1048576:1048576
2024/03/11 11:18:51 [notice] 1#1: start worker processes
2024/03/11 11:18:51 [notice] 1#1: start worker process 24
2024/03/11 11:18:51 [notice] 1#1: start worker process 25
2024/03/11 11:18:51 [notice] 1#1: start worker process 26
2024/03/11 11:18:51 [notice] 1#1: start worker process 27
2024/03/11 11:21:38 [notice] 1#1: signal 3 (SIGQUIT) received, shutting down
2024/03/11 11:21:38 [notice] 24#24: gracefully shutting down
2024/03/11 11:21:38 [notice] 24#24: exiting
2024/03/11 11:21:38 [notice] 24#24: exit
2024/03/11 11:21:38 [notice] 25#25: gracefully shutting down
2024/03/11 11:21:38 [notice] 25#25: exiting
2024/03/11 11:21:38 [notice] 25#25: exit
2024/03/11 11:21:38 [notice] 26#26: gracefully shutting down
2024/03/11 11:21:38 [notice] 26#26: exiting
2024/03/11 11:21:38 [notice] 26#26: exit
2024/03/11 11:21:38 [notice] 27#27: gracefully shutting down
2024/03/11 11:21:38 [notice] 27#27: exiting
2024/03/11 11:21:38 [notice] 27#27: exit
2024/03/11 11:21:38 [notice] 1#1: signal 17 (SIGCHLD) received from 24
2024/03/11 11:21:38 [notice] 1#1: worker process 24 exited with code 0
2024/03/11 11:21:38 [notice] 1#1: worker process 25 exited with code 0
2024/03/11 11:21:38 [notice] 1#1: worker process 26 exited with code 0
2024/03/11 11:21:38 [notice] 1#1: signal 29 (SIGIO) received
2024/03/11 11:21:38 [notice] 1#1: signal 17 (SIGCHLD) received from 25
2024/03/11 11:21:38 [notice] 1#1: signal 17 (SIGCHLD) received from 27
2024/03/11 11:21:38 [notice] 1#1: worker process 27 exited with code 0
2024/03/11 11:21:38 [notice] 1#1: exit
2024/03/11 11:23:59 [notice] 1#1: using the "epoll" event method
2024/03/11 11:23:59 [notice] 1#1: nginx/1.21.5
2024/03/11 11:23:59 [notice] 1#1: built by gcc 10.2.1 20210110 (Debian 10.2.1-6) 
2024/03/11 11:23:59 [notice] 1#1: OS: Linux 3.10.0-1160.105.1.el7.x86_64
2024/03/11 11:23:59 [notice] 1#1: getrlimit(RLIMIT_NOFILE): 1048576:1048576
2024/03/11 11:23:59 [notice] 1#1: start worker processes
2024/03/11 11:23:59 [notice] 1#1: start worker process 23
2024/03/11 11:23:59 [notice] 1#1: start worker process 24
2024/03/11 11:23:59 [notice] 1#1: start worker process 25
2024/03/11 11:23:59 [notice] 1#1: start worker process 26
2024/03/11 11:26:48 [notice] 1#1: signal 3 (SIGQUIT) received, shutting down
2024/03/11 11:26:48 [notice] 24#24: gracefully shutting down
2024/03/11 11:26:48 [notice] 23#23: gracefully shutting down
2024/03/11 11:26:48 [notice] 24#24: exiting
2024/03/11 11:26:48 [notice] 23#23: exiting
2024/03/11 11:26:48 [notice] 24#24: exit
2024/03/11 11:26:48 [notice] 23#23: exit
2024/03/11 11:26:48 [notice] 26#26: gracefully shutting down
2024/03/11 11:26:48 [notice] 26#26: exiting
2024/03/11 11:26:48 [notice] 26#26: exit
2024/03/11 11:26:48 [notice] 25#25: gracefully shutting down
2024/03/11 11:26:48 [notice] 25#25: exiting
2024/03/11 11:26:48 [notice] 25#25: exit
2024/03/11 11:26:48 [notice] 1#1: signal 17 (SIGCHLD) received from 24
2024/03/11 11:26:48 [notice] 1#1: worker process 24 exited with code 0
2024/03/11 11:26:48 [notice] 1#1: worker process 26 exited with code 0
2024/03/11 11:26:48 [notice] 1#1: signal 29 (SIGIO) received
2024/03/11 11:26:48 [notice] 1#1: signal 17 (SIGCHLD) received from 26
2024/03/11 11:26:48 [notice] 1#1: signal 17 (SIGCHLD) received from 25
2024/03/11 11:26:48 [notice] 1#1: worker process 23 exited with code 0
2024/03/11 11:26:48 [notice] 1#1: worker process 25 exited with code 0
2024/03/11 11:26:48 [notice] 1#1: exit
2024/03/11 11:27:34 [notice] 1#1: using the "epoll" event method
2024/03/11 11:27:34 [notice] 1#1: nginx/1.21.5
2024/03/11 11:27:34 [notice] 1#1: built by gcc 10.2.1 20210110 (Debian 10.2.1-6) 
2024/03/11 11:27:34 [notice] 1#1: OS: Linux 3.10.0-1160.105.1.el7.x86_64
2024/03/11 11:27:34 [notice] 1#1: getrlimit(RLIMIT_NOFILE): 1048576:1048576
2024/03/11 11:27:34 [notice] 1#1: start worker processes
2024/03/11 11:27:34 [notice] 1#1: start worker process 24
2024/03/11 11:27:34 [notice] 1#1: start worker process 25
2024/03/11 11:27:34 [notice] 1#1: start worker process 26
2024/03/11 11:27:34 [notice] 1#1: start worker process 27
2024/03/11 11:40:04 [notice] 1#1: signal 3 (SIGQUIT) received, shutting down
2024/03/11 11:40:04 [notice] 24#24: gracefully shutting down
2024/03/11 11:40:04 [notice] 25#25: gracefully shutting down
2024/03/11 11:40:04 [notice] 26#26: gracefully shutting down
2024/03/11 11:40:04 [notice] 26#26: exiting
2024/03/11 11:40:04 [notice] 24#24: exiting
2024/03/11 11:40:04 [notice] 26#26: exit
2024/03/11 11:40:04 [notice] 24#24: exit
2024/03/11 11:40:04 [notice] 25#25: exiting
2024/03/11 11:40:04 [notice] 25#25: exit
2024/03/11 11:40:04 [notice] 27#27: gracefully shutting down
2024/03/11 11:40:04 [notice] 27#27: exiting
2024/03/11 11:40:04 [notice] 27#27: exit
2024/03/11 11:40:04 [notice] 1#1: signal 17 (SIGCHLD) received from 26
2024/03/11 11:40:04 [notice] 1#1: worker process 26 exited with code 0
2024/03/11 11:40:04 [notice] 1#1: signal 29 (SIGIO) received
2024/03/11 11:40:04 [notice] 1#1: signal 17 (SIGCHLD) received from 25
2024/03/11 11:40:04 [notice] 1#1: worker process 25 exited with code 0
2024/03/11 11:40:04 [notice] 1#1: worker process 27 exited with code 0
2024/03/11 11:40:04 [notice] 1#1: worker process 24 exited with code 0
2024/03/11 11:40:04 [notice] 1#1: exit
2024/03/11 11:40:53 [notice] 1#1: using the "epoll" event method
2024/03/11 11:40:53 [notice] 1#1: nginx/1.21.5
2024/03/11 11:40:53 [notice] 1#1: built by gcc 10.2.1 20210110 (Debian 10.2.1-6) 
2024/03/11 11:40:53 [notice] 1#1: OS: Linux 3.10.0-1160.105.1.el7.x86_64
2024/03/11 11:40:53 [notice] 1#1: getrlimit(RLIMIT_NOFILE): 1048576:1048576
2024/03/11 11:40:53 [notice] 1#1: start worker processes
2024/03/11 11:40:53 [notice] 1#1: start worker process 24
2024/03/11 11:40:53 [notice] 1#1: start worker process 25
2024/03/11 11:40:53 [notice] 1#1: start worker process 26
2024/03/11 11:40:53 [notice] 1#1: start worker process 27
2024/03/11 11:42:43 [notice] 1#1: signal 3 (SIGQUIT) received, shutting down
2024/03/11 11:42:43 [notice] 25#25: gracefully shutting down
2024/03/11 11:42:43 [notice] 26#26: gracefully shutting down
2024/03/11 11:42:43 [notice] 25#25: exiting
2024/03/11 11:42:43 [notice] 26#26: exiting
2024/03/11 11:42:43 [notice] 25#25: exit
2024/03/11 11:42:43 [notice] 26#26: exit
2024/03/11 11:42:43 [notice] 24#24: gracefully shutting down
2024/03/11 11:42:43 [notice] 24#24: exiting
2024/03/11 11:42:43 [notice] 24#24: exit
2024/03/11 11:42:43 [notice] 27#27: gracefully shutting down
2024/03/11 11:42:43 [notice] 27#27: exiting
2024/03/11 11:42:43 [notice] 27#27: exit
2024/03/11 11:42:43 [notice] 1#1: signal 17 (SIGCHLD) received from 24
2024/03/11 11:42:43 [notice] 1#1: worker process 24 exited with code 0
2024/03/11 11:42:43 [notice] 1#1: worker process 27 exited with code 0
2024/03/11 11:42:43 [notice] 1#1: signal 29 (SIGIO) received
2024/03/11 11:42:43 [notice] 1#1: signal 17 (SIGCHLD) received from 25
2024/03/11 11:42:43 [notice] 1#1: worker process 25 exited with code 0
2024/03/11 11:42:43 [notice] 1#1: worker process 26 exited with code 0
2024/03/11 11:42:43 [notice] 1#1: exit
2024/03/11 11:43:37 [notice] 1#1: using the "epoll" event method
2024/03/11 11:43:37 [notice] 1#1: nginx/1.21.5
2024/03/11 11:43:37 [notice] 1#1: built by gcc 10.2.1 20210110 (Debian 10.2.1-6) 
2024/03/11 11:43:37 [notice] 1#1: OS: Linux 3.10.0-1160.105.1.el7.x86_64
2024/03/11 11:43:37 [notice] 1#1: getrlimit(RLIMIT_NOFILE): 1048576:1048576
2024/03/11 11:43:37 [notice] 1#1: start worker processes
2024/03/11 11:43:37 [notice] 1#1: start worker process 24
2024/03/11 11:43:37 [notice] 1#1: start worker process 25
2024/03/11 11:43:37 [notice] 1#1: start worker process 26
2024/03/11 11:43:37 [notice] 1#1: start worker process 27
2024/03/11 12:02:00 [notice] 1#1: signal 3 (SIGQUIT) received, shutting down
2024/03/11 12:02:00 [notice] 24#24: gracefully shutting down
2024/03/11 12:02:00 [notice] 25#25: gracefully shutting down
2024/03/11 12:02:00 [notice] 24#24: exiting
2024/03/11 12:02:00 [notice] 25#25: exiting
2024/03/11 12:02:00 [notice] 27#27: gracefully shutting down
2024/03/11 12:02:00 [notice] 25#25: exit
2024/03/11 12:02:00 [notice] 24#24: exit
2024/03/11 12:02:00 [notice] 27#27: exiting
2024/03/11 12:02:00 [notice] 27#27: exit
2024/03/11 12:02:00 [notice] 26#26: gracefully shutting down
2024/03/11 12:02:00 [notice] 26#26: exiting
2024/03/11 12:02:00 [notice] 26#26: exit
2024/03/11 12:02:00 [notice] 1#1: signal 17 (SIGCHLD) received from 27
2024/03/11 12:02:00 [notice] 1#1: worker process 24 exited with code 0
2024/03/11 12:02:00 [notice] 1#1: worker process 27 exited with code 0
2024/03/11 12:02:00 [notice] 1#1: signal 29 (SIGIO) received
2024/03/11 12:02:00 [notice] 1#1: signal 17 (SIGCHLD) received from 25
2024/03/11 12:02:00 [notice] 1#1: worker process 25 exited with code 0
2024/03/11 12:02:00 [notice] 1#1: signal 17 (SIGCHLD) received from 26
2024/03/11 12:02:00 [notice] 1#1: worker process 26 exited with code 0
2024/03/11 12:02:00 [notice] 1#1: exit
2024/03/11 12:05:15 [notice] 1#1: using the "epoll" event method
2024/03/11 12:05:15 [notice] 1#1: nginx/1.21.5
2024/03/11 12:05:15 [notice] 1#1: built by gcc 10.2.1 20210110 (Debian 10.2.1-6) 
2024/03/11 12:05:15 [notice] 1#1: OS: Linux 3.10.0-1160.105.1.el7.x86_64
2024/03/11 12:05:15 [notice] 1#1: getrlimit(RLIMIT_NOFILE): 1048576:1048576
2024/03/11 12:05:15 [notice] 1#1: start worker processes
2024/03/11 12:05:15 [notice] 1#1: start worker process 24
2024/03/11 12:05:15 [notice] 1#1: start worker process 25
2024/03/11 12:05:15 [notice] 1#1: start worker process 26
2024/03/11 12:05:15 [notice] 1#1: start worker process 27
2024/03/11 12:07:24 [notice] 1#1: signal 3 (SIGQUIT) received, shutting down
2024/03/11 12:07:24 [notice] 24#24: gracefully shutting down
2024/03/11 12:07:24 [notice] 25#25: gracefully shutting down
2024/03/11 12:07:24 [notice] 27#27: gracefully shutting down
2024/03/11 12:07:24 [notice] 25#25: exiting
2024/03/11 12:07:24 [notice] 27#27: exiting
2024/03/11 12:07:24 [notice] 24#24: exiting
2024/03/11 12:07:24 [notice] 24#24: exit
2024/03/11 12:07:24 [notice] 25#25: exit
2024/03/11 12:07:24 [notice] 27#27: exit
2024/03/11 12:07:24 [notice] 26#26: gracefully shutting down
2024/03/11 12:07:24 [notice] 26#26: exiting
2024/03/11 12:07:24 [notice] 26#26: exit
2024/03/11 12:07:24 [notice] 1#1: signal 17 (SIGCHLD) received from 24
2024/03/11 12:07:24 [notice] 1#1: worker process 24 exited with code 0
2024/03/11 12:07:24 [notice] 1#1: worker process 27 exited with code 0
2024/03/11 12:07:24 [notice] 1#1: signal 29 (SIGIO) received
2024/03/11 12:07:24 [notice] 1#1: signal 17 (SIGCHLD) received from 25
2024/03/11 12:07:24 [notice] 1#1: worker process 25 exited with code 0
2024/03/11 12:07:24 [notice] 1#1: worker process 26 exited with code 0
2024/03/11 12:07:24 [notice] 1#1: exit
2024/03/11 12:08:15 [notice] 1#1: using the "epoll" event method
2024/03/11 12:08:15 [notice] 1#1: nginx/1.21.5
2024/03/11 12:08:15 [notice] 1#1: built by gcc 10.2.1 20210110 (Debian 10.2.1-6) 
2024/03/11 12:08:15 [notice] 1#1: OS: Linux 3.10.0-1160.105.1.el7.x86_64
2024/03/11 12:08:15 [notice] 1#1: getrlimit(RLIMIT_NOFILE): 1048576:1048576
2024/03/11 12:08:15 [notice] 1#1: start worker processes
2024/03/11 12:08:15 [notice] 1#1: start worker process 24
2024/03/11 12:08:15 [notice] 1#1: start worker process 25
2024/03/11 12:08:15 [notice] 1#1: start worker process 26
2024/03/11 12:08:15 [notice] 1#1: start worker process 27
2024/03/11 12:11:01 [notice] 1#1: signal 3 (SIGQUIT) received, shutting down
2024/03/11 12:11:01 [notice] 24#24: gracefully shutting down
2024/03/11 12:11:01 [notice] 26#26: gracefully shutting down
2024/03/11 12:11:01 [notice] 24#24: exiting
2024/03/11 12:11:01 [notice] 26#26: exiting
2024/03/11 12:11:01 [notice] 26#26: exit
2024/03/11 12:11:01 [notice] 24#24: exit
2024/03/11 12:11:01 [notice] 27#27: gracefully shutting down
2024/03/11 12:11:01 [notice] 27#27: exiting
2024/03/11 12:11:01 [notice] 27#27: exit
2024/03/11 12:11:01 [notice] 25#25: gracefully shutting down
2024/03/11 12:11:01 [notice] 25#25: exiting
2024/03/11 12:11:01 [notice] 25#25: exit
2024/03/11 12:11:01 [notice] 1#1: signal 17 (SIGCHLD) received from 25
2024/03/11 12:11:01 [notice] 1#1: worker process 25 exited with code 0
2024/03/11 12:11:01 [notice] 1#1: signal 29 (SIGIO) received
2024/03/11 12:11:01 [notice] 1#1: signal 17 (SIGCHLD) received from 26
2024/03/11 12:11:01 [notice] 1#1: worker process 24 exited with code 0
2024/03/11 12:11:01 [notice] 1#1: worker process 26 exited with code 0
2024/03/11 12:11:01 [notice] 1#1: worker process 27 exited with code 0
2024/03/11 12:11:01 [notice] 1#1: exit
